2018-12-07 14:26:42.648 [localhost-startStop-1] WARN  com.netflix.config.sources.URLConfigurationSource - No URLs will be polled as dynamic configuration sources.
2018-12-07 14:26:44.491 [main] WARN  com.netflix.config.sources.URLConfigurationSource - No URLs will be polled as dynamic configuration sources.
2018-12-07 14:34:46.340 [Eureka-EvictionTimer] WARN  c.netflix.eureka.registry.AbstractInstanceRegistry - DS: Registry: expired lease for ACTUATOR-1/eurekaserver.com:actuator-1:8083
2018-12-07 14:38:46.342 [Eureka-EvictionTimer] WARN  c.netflix.eureka.registry.AbstractInstanceRegistry - DS: Registry: expired lease for ACTUATOR-1/eurekaserver.com:actuator-1:8083
2018-12-07 14:41:44.561 [TaskBatchingWorker-target_localhost-2] WARN  com.netflix.eureka.cluster.ReplicationTask - The replication of task ACTUATOR-1/eurekaserver.com:actuator-1:8083:Heartbeat@localhost failed with response code 409
2018-12-07 14:41:44.561 [TaskBatchingWorker-target_localhost-2] WARN  com.netflix.eureka.cluster.PeerEurekaNode - Peer wants us to take the instance information from it, since the timestamp differs,Id : eurekaserver.com:actuator-1:8083 My Timestamp : 1544164874015, Peer's timestamp: 1544164904036
2018-12-07 14:56:46.349 [Eureka-EvictionTimer] WARN  c.netflix.eureka.registry.AbstractInstanceRegistry - DS: Registry: expired lease for ACTUATOR-1/eurekaserver.com:actuator-1:8083
2018-12-07 14:57:34.013 [TaskBatchingWorker-target_localhost-6] WARN  com.netflix.eureka.cluster.ReplicationTask - The replication of task ACTUATOR-1/eurekaserver.com:actuator-1:8083:Heartbeat@localhost failed with response code 409
2018-12-07 14:57:34.013 [TaskBatchingWorker-target_localhost-6] WARN  com.netflix.eureka.cluster.PeerEurekaNode - Peer wants us to take the instance information from it, since the timestamp differs,Id : eurekaserver.com:actuator-1:8083 My Timestamp : 1544165823482, Peer's timestamp: 1544165853598
2018-12-07 14:58:04.119 [TaskBatchingWorker-target_localhost-13] WARN  com.netflix.eureka.cluster.ReplicationTask - The replication of task ACTUATOR-1/eurekaserver.com:actuator-1:8083:Heartbeat@localhost failed with response code 409
2018-12-07 14:58:04.119 [TaskBatchingWorker-target_localhost-13] WARN  com.netflix.eureka.cluster.PeerEurekaNode - Peer wants us to take the instance information from it, since the timestamp differs,Id : eurekaserver.com:actuator-1:8083 My Timestamp : 1544165853598, Peer's timestamp: 1544165883629
2018-12-07 15:03:46.353 [Eureka-EvictionTimer] WARN  c.netflix.eureka.registry.AbstractInstanceRegistry - DS: Registry: expired lease for ACTUATOR-1/eurekaserver.com:actuator-1:8083
2018-12-07 15:06:46.354 [Eureka-EvictionTimer] WARN  c.netflix.eureka.registry.AbstractInstanceRegistry - DS: Registry: expired lease for ACTUATOR-1/eurekaserver.com:actuator-1:8083
2018-12-07 15:07:25.395 [TaskBatchingWorker-target_localhost-13] WARN  com.netflix.eureka.cluster.ReplicationTask - The replication of task ACTUATOR-1/eurekaserver.com:actuator-1:8083:Heartbeat@localhost failed with response code 409
2018-12-07 15:07:25.396 [TaskBatchingWorker-target_localhost-13] WARN  com.netflix.eureka.cluster.PeerEurekaNode - Peer wants us to take the instance information from it, since the timestamp differs,Id : eurekaserver.com:actuator-1:8083 My Timestamp : 1544166414834, Peer's timestamp: 1544166444898
2018-12-07 15:14:33.316 [localhost-startStop-1] WARN  com.netflix.config.sources.URLConfigurationSource - No URLs will be polled as dynamic configuration sources.
2018-12-07 15:14:35.159 [main] WARN  com.netflix.config.sources.URLConfigurationSource - No URLs will be polled as dynamic configuration sources.
2018-12-07 15:15:36.969 [Eureka-EvictionTimer] WARN  c.netflix.eureka.registry.AbstractInstanceRegistry - DS: Registry: expired lease for ACTUATOR-1/eurekaserver.com:actuator-1:8083
2018-12-07 15:22:36.781 [localhost-startStop-1] WARN  com.netflix.config.sources.URLConfigurationSource - No URLs will be polled as dynamic configuration sources.
2018-12-07 15:22:38.693 [main] WARN  com.netflix.config.sources.URLConfigurationSource - No URLs will be polled as dynamic configuration sources.
2018-12-07 15:22:43.222 [http-nio-8761-exec-2] WARN  c.netflix.eureka.registry.AbstractInstanceRegistry - DS: Registry: lease doesn't exist, registering resource: ACTUATOR-1 - eurekaserver.com:actuator-1:8083
2018-12-07 15:22:43.223 [http-nio-8761-exec-2] WARN  com.netflix.eureka.resources.InstanceResource - Not Found (Renew): ACTUATOR-1 - eurekaserver.com:actuator-1:8083
2018-12-07 15:23:19.032 [TaskBatchingWorker-target_localhost-10] WARN  com.netflix.eureka.cluster.ReplicationTask - The replication of task ACTUATOR-1/eurekaserver.com:actuator-1:8083:Heartbeat@localhost failed with response code 409
2018-12-07 15:23:19.032 [TaskBatchingWorker-target_localhost-10] WARN  com.netflix.eureka.cluster.PeerEurekaNode - Peer wants us to take the instance information from it, since the timestamp differs,Id : eurekaserver.com:actuator-1:8083 My Timestamp : 1544167363252, Peer's timestamp: 1544167398886
2018-12-07 15:26:40.427 [Eureka-EvictionTimer] WARN  c.netflix.eureka.registry.AbstractInstanceRegistry - DS: Registry: expired lease for ACTUATOR-1/eurekaserver.com:actuator-1:8083
