2018-12-07 14:26:40.277 [main] INFO  c.a.web.cloud.eurekaserver.EurekaserverApplication - The following profiles are active: dev
2018-12-07 14:26:40.299 [main] INFO  o.s.b.w.s.c.AnnotationConfigServletWebServerApplicationContext - Refreshing org.springframework.boot.web.servlet.context.AnnotationConfigServletWebServerApplicationContext@2a640157: startup date [Fri Dec 07 14:26:40 CST 2018]; parent: org.springframework.context.annotation.AnnotationConfigApplicationContext@1329eff
2018-12-07 14:26:41.558 [main] INFO  o.springframework.cloud.context.scope.GenericScope - BeanFactory id=42198331-4dd2-38d8-90d4-e5fac5af2951
2018-12-07 14:26:41.583 [main] INFO  o.s.b.f.a.AutowiredAnnotationBeanPostProcessor - JSR-330 'javax.inject.Inject' annotation found and supported for autowiring
2018-12-07 14:26:41.704 [main] INFO  o.s.c.s.PostProcessorRegistrationDelegate$BeanPostProcessorChecker - Bean 'org.springframework.cloud.autoconfigure.ConfigurationPropertiesRebinderAutoConfiguration' of type [org.springframework.cloud.autoconfigure.ConfigurationPropertiesRebinderAutoConfiguration$$EnhancerBySpringCGLIB$$e695084f] is not eligible for getting processed by all BeanPostProcessors (for example: not eligible for auto-proxying)
2018-12-07 14:26:42.278 [main] INFO  o.s.boot.web.embedded.tomcat.TomcatWebServer - Tomcat initialized with port(s): 8761 (http)
2018-12-07 14:26:42.292 [main] INFO  org.apache.coyote.http11.Http11NioProtocol - Initializing ProtocolHandler ["http-nio-8761"]
2018-12-07 14:26:42.303 [main] INFO  org.apache.catalina.core.StandardService - Starting service [Tomcat]
2018-12-07 14:26:42.304 [main] INFO  org.apache.catalina.core.StandardEngine - Starting Servlet Engine: Apache Tomcat/8.5.34
2018-12-07 14:26:42.317 [localhost-startStop-1] INFO  org.apache.catalina.core.AprLifecycleListener - The APR based Apache Tomcat Native library which allows optimal performance in production environments was not found on the java.library.path: [D:\DEVELOP\Java8\jdk1.8.0_161\bin;C:\Windows\Sun\Java\bin;C:\Windows\system32;C:\Windows;D:/DEVELOP/Java8/jdk1.8.0_161/jre/bin/server;D:/DEVELOP/Java8/jdk1.8.0_161/jre/bin;D:/DEVELOP/Java8/jdk1.8.0_161/jre/lib/amd64;D:\oracle\product\10.2.0\db_1\bin;C:\Windows\system32;C:\Windows;C:\Windows\System32\Wbem;C:\Windows\System32\WindowsPowerShell\v1.0\;D:\Program Files\TortoiseSVN\bin;D:\DEVELOP\Git\cmd;.;D:\DEVELOP\Java8\jdk825\bin;D:\DEVELOP\Java8\jdk825\jre\bin;D:\DEVELOP\apache-maven-3.5.0\bin;D:\Program Files\nodejs;D:\DEVELOP\ffmpeg\bin;D:\nodejs\npm\node_global;D:\DEVELOP\eclipse;;.]
2018-12-07 14:26:42.451 [localhost-startStop-1] INFO  o.a.c.core.ContainerBase.[Tomcat].[localhost].[/] - Initializing Spring embedded WebApplicationContext
2018-12-07 14:26:42.451 [localhost-startStop-1] INFO  org.springframework.web.context.ContextLoader - Root WebApplicationContext: initialization completed in 2152 ms
2018-12-07 14:26:42.649 [localhost-startStop-1] INFO  com.netflix.config.sources.URLConfigurationSource - To enable URLs as dynamic configuration sources, define System property archaius.configurationSource.additionalUrls or make config.properties available on classpath.
2018-12-07 14:26:42.663 [localhost-startStop-1] INFO  com.netflix.config.DynamicPropertyFactory - DynamicPropertyFactory is initialized with configuration sources: com.netflix.config.ConcurrentCompositeConfiguration@11c2af55
2018-12-07 14:26:43.890 [localhost-startStop-1] INFO  o.s.boot.web.servlet.FilterRegistrationBean - Mapping filter: 'characterEncodingFilter' to: [/*]
2018-12-07 14:26:43.890 [localhost-startStop-1] INFO  o.s.boot.web.servlet.FilterRegistrationBean - Mapping filter: 'webMvcMetricsFilter' to: [/*]
2018-12-07 14:26:43.890 [localhost-startStop-1] INFO  o.s.boot.web.servlet.FilterRegistrationBean - Mapping filter: 'hiddenHttpMethodFilter' to: [/*]
2018-12-07 14:26:43.891 [localhost-startStop-1] INFO  o.s.boot.web.servlet.FilterRegistrationBean - Mapping filter: 'httpPutFormContentFilter' to: [/*]
2018-12-07 14:26:43.891 [localhost-startStop-1] INFO  o.s.boot.web.servlet.FilterRegistrationBean - Mapping filter: 'requestContextFilter' to: [/*]
2018-12-07 14:26:43.891 [localhost-startStop-1] INFO  o.s.boot.web.servlet.FilterRegistrationBean - Mapping filter: 'httpTraceFilter' to: [/*]
2018-12-07 14:26:43.891 [localhost-startStop-1] INFO  o.s.boot.web.servlet.FilterRegistrationBean - Mapping filter: 'servletContainer' to urls: [/eureka/*]
2018-12-07 14:26:43.891 [localhost-startStop-1] INFO  o.s.boot.web.servlet.ServletRegistrationBean - Servlet dispatcherServlet mapped to [/]
2018-12-07 14:26:43.970 [localhost-startStop-1] INFO  c.s.j.server.impl.application.WebApplicationImpl - Initiating Jersey application, version 'Jersey: 1.19.1 03/11/2016 02:08 PM'
2018-12-07 14:26:44.035 [localhost-startStop-1] INFO  c.n.discovery.provider.DiscoveryJerseyProvider - Using JSON encoding codec LegacyJacksonJson
2018-12-07 14:26:44.036 [localhost-startStop-1] INFO  c.n.discovery.provider.DiscoveryJerseyProvider - Using JSON decoding codec LegacyJacksonJson
2018-12-07 14:26:44.184 [localhost-startStop-1] INFO  c.n.discovery.provider.DiscoveryJerseyProvider - Using XML encoding codec XStreamXml
2018-12-07 14:26:44.184 [localhost-startStop-1] INFO  c.n.discovery.provider.DiscoveryJerseyProvider - Using XML decoding codec XStreamXml
2018-12-07 14:26:44.492 [main] INFO  com.netflix.config.sources.URLConfigurationSource - To enable URLs as dynamic configuration sources, define System property archaius.configurationSource.additionalUrls or make config.properties available on classpath.
2018-12-07 14:26:44.577 [main] INFO  o.s.web.servlet.handler.SimpleUrlHandlerMapping - Mapped URL path [/**/favicon.ico] onto handler of type [class org.springframework.web.servlet.resource.ResourceHttpRequestHandler]
2018-12-07 14:26:44.802 [main] INFO  o.s.w.s.m.m.a.RequestMappingHandlerAdapter - Looking for @ControllerAdvice: org.springframework.boot.web.servlet.context.AnnotationConfigServletWebServerApplicationContext@2a640157: startup date [Fri Dec 07 14:26:40 CST 2018]; parent: org.springframework.context.annotation.AnnotationConfigApplicationContext@1329eff
2018-12-07 14:26:44.875 [main] INFO  o.s.w.s.m.m.a.RequestMappingHandlerMapping - Mapped "{[/error]}" onto public org.springframework.http.ResponseEntity<java.util.Map<java.lang.String, java.lang.Object>> org.springframework.boot.autoconfigure.web.servlet.error.BasicErrorController.error(javax.servlet.http.HttpServletRequest)
2018-12-07 14:26:44.876 [main] INFO  o.s.w.s.m.m.a.RequestMappingHandlerMapping - Mapped "{[/error],produces=[text/html]}" onto public org.springframework.web.servlet.ModelAndView org.springframework.boot.autoconfigure.web.servlet.error.BasicErrorController.errorHtml(javax.servlet.http.HttpServletRequest,javax.servlet.http.HttpServletResponse)
2018-12-07 14:26:44.883 [main] INFO  o.s.w.s.m.m.a.RequestMappingHandlerMapping - Mapped "{[/],methods=[GET]}" onto public java.lang.String org.springframework.cloud.netflix.eureka.server.EurekaController.status(javax.servlet.http.HttpServletRequest,java.util.Map<java.lang.String, java.lang.Object>)
2018-12-07 14:26:44.884 [main] INFO  o.s.w.s.m.m.a.RequestMappingHandlerMapping - Mapped "{[/lastn],methods=[GET]}" onto public java.lang.String org.springframework.cloud.netflix.eureka.server.EurekaController.lastn(javax.servlet.http.HttpServletRequest,java.util.Map<java.lang.String, java.lang.Object>)
2018-12-07 14:26:44.916 [main] INFO  o.s.web.servlet.handler.SimpleUrlHandlerMapping - Mapped URL path [/webjars/**] onto handler of type [class org.springframework.web.servlet.resource.ResourceHttpRequestHandler]
2018-12-07 14:26:44.916 [main] INFO  o.s.web.servlet.handler.SimpleUrlHandlerMapping - Mapped URL path [/**] onto handler of type [class org.springframework.web.servlet.resource.ResourceHttpRequestHandler]
2018-12-07 14:26:45.376 [main] INFO  o.s.ui.freemarker.SpringTemplateLoader - SpringTemplateLoader for FreeMarker: using resource loader [org.springframework.boot.web.servlet.context.AnnotationConfigServletWebServerApplicationContext@2a640157: startup date [Fri Dec 07 14:26:40 CST 2018]; parent: org.springframework.context.annotation.AnnotationConfigApplicationContext@1329eff] and template loader path [classpath:/templates/]
2018-12-07 14:26:45.378 [main] INFO  o.s.w.servlet.view.freemarker.FreeMarkerConfigurer - ClassTemplateLoader for Spring macros added to FreeMarker configuration
2018-12-07 14:26:45.564 [main] INFO  o.s.cloud.netflix.eureka.InstanceInfoFactory - Setting initial instance status as: STARTING
2018-12-07 14:26:45.607 [main] INFO  com.netflix.discovery.DiscoveryClient - Initializing Eureka in region us-east-1
2018-12-07 14:26:45.607 [main] INFO  com.netflix.discovery.DiscoveryClient - Client configured to neither register nor query for data.
2018-12-07 14:26:45.617 [main] INFO  com.netflix.discovery.DiscoveryClient - Discovery Client initialized at timestamp 1544164005616 with initial instances count: 0
2018-12-07 14:26:45.669 [main] INFO  com.netflix.eureka.DefaultEurekaServerContext - Initializing ...
2018-12-07 14:26:45.671 [main] INFO  com.netflix.eureka.cluster.PeerEurekaNodes - Adding new peer nodes [http://localhost:8761/eureka/]
2018-12-07 14:26:45.955 [main] INFO  c.n.discovery.provider.DiscoveryJerseyProvider - Using JSON encoding codec LegacyJacksonJson
2018-12-07 14:26:45.956 [main] INFO  c.n.discovery.provider.DiscoveryJerseyProvider - Using JSON decoding codec LegacyJacksonJson
2018-12-07 14:26:45.956 [main] INFO  c.n.discovery.provider.DiscoveryJerseyProvider - Using XML encoding codec XStreamXml
2018-12-07 14:26:45.956 [main] INFO  c.n.discovery.provider.DiscoveryJerseyProvider - Using XML decoding codec XStreamXml
2018-12-07 14:26:46.075 [main] INFO  com.netflix.eureka.cluster.PeerEurekaNodes - Replica node URL:  http://localhost:8761/eureka/
2018-12-07 14:26:46.086 [main] INFO  c.netflix.eureka.registry.AbstractInstanceRegistry - Finished initializing remote region registries. All known remote regions: []
2018-12-07 14:26:46.087 [main] INFO  com.netflix.eureka.DefaultEurekaServerContext - Initialized
2018-12-07 14:26:46.110 [main] INFO  o.s.b.actuate.endpoint.web.EndpointLinksResolver - Exposing 2 endpoint(s) beneath base path '/actuator'
2018-12-07 14:26:46.169 [main] INFO  o.s.b.a.e.web.servlet.WebMvcEndpointHandlerMapping - Mapped "{[/actuator/health],methods=[GET],produces=[application/vnd.spring-boot.actuator.v2+json || application/json]}" onto public java.lang.Object org.springframework.boot.actuate.endpoint.web.servlet.AbstractWebMvcEndpointHandlerMapping$OperationHandler.handle(javax.servlet.http.HttpServletRequest,java.util.Map<java.lang.String, java.lang.String>)
2018-12-07 14:26:46.171 [main] INFO  o.s.b.a.e.web.servlet.WebMvcEndpointHandlerMapping - Mapped "{[/actuator/info],methods=[GET],produces=[application/vnd.spring-boot.actuator.v2+json || application/json]}" onto public java.lang.Object org.springframework.boot.actuate.endpoint.web.servlet.AbstractWebMvcEndpointHandlerMapping$OperationHandler.handle(javax.servlet.http.HttpServletRequest,java.util.Map<java.lang.String, java.lang.String>)
2018-12-07 14:26:46.174 [main] INFO  o.s.b.a.e.web.servlet.WebMvcEndpointHandlerMapping - Mapped "{[/actuator],methods=[GET],produces=[application/vnd.spring-boot.actuator.v2+json || application/json]}" onto protected java.util.Map<java.lang.String, java.util.Map<java.lang.String, org.springframework.boot.actuate.endpoint.web.Link>> org.springframework.boot.actuate.endpoint.web.servlet.WebMvcEndpointHandlerMapping.links(javax.servlet.http.HttpServletRequest,javax.servlet.http.HttpServletResponse)
2018-12-07 14:26:46.235 [main] INFO  o.s.jmx.export.annotation.AnnotationMBeanExporter - Registering beans for JMX exposure on startup
2018-12-07 14:26:46.248 [main] INFO  o.s.jmx.export.annotation.AnnotationMBeanExporter - Bean with name 'environmentManager' has been autodetected for JMX exposure
2018-12-07 14:26:46.250 [main] INFO  o.s.jmx.export.annotation.AnnotationMBeanExporter - Bean with name 'refreshScope' has been autodetected for JMX exposure
2018-12-07 14:26:46.252 [main] INFO  o.s.jmx.export.annotation.AnnotationMBeanExporter - Bean with name 'configurationPropertiesRebinder' has been autodetected for JMX exposure
2018-12-07 14:26:46.257 [main] INFO  o.s.jmx.export.annotation.AnnotationMBeanExporter - Located managed bean 'environmentManager': registering with JMX server as MBean [org.springframework.cloud.context.environment:name=environmentManager,type=EnvironmentManager]
2018-12-07 14:26:46.266 [main] INFO  o.s.jmx.export.annotation.AnnotationMBeanExporter - Located managed bean 'refreshScope': registering with JMX server as MBean [org.springframework.cloud.context.scope.refresh:name=refreshScope,type=RefreshScope]
2018-12-07 14:26:46.277 [main] INFO  o.s.jmx.export.annotation.AnnotationMBeanExporter - Located managed bean 'configurationPropertiesRebinder': registering with JMX server as MBean [org.springframework.cloud.context.properties:name=configurationPropertiesRebinder,context=2a640157,type=ConfigurationPropertiesRebinder]
2018-12-07 14:26:46.292 [main] INFO  o.s.context.support.DefaultLifecycleProcessor - Starting beans in phase 0
2018-12-07 14:26:46.298 [main] INFO  o.s.c.n.e.serviceregistry.EurekaServiceRegistry - Registering application EUREKA-SERVER-1 with eureka with status UP
2018-12-07 14:26:46.308 [Thread-17] INFO  o.s.c.netflix.eureka.server.EurekaServerBootstrap - Setting the eureka configuration..
2018-12-07 14:26:46.308 [Thread-17] INFO  o.s.c.netflix.eureka.server.EurekaServerBootstrap - Eureka data center value eureka.datacenter is not set, defaulting to default
2018-12-07 14:26:46.309 [Thread-17] INFO  o.s.c.netflix.eureka.server.EurekaServerBootstrap - Eureka environment value eureka.environment is not set, defaulting to test
2018-12-07 14:26:46.326 [main] INFO  org.apache.coyote.http11.Http11NioProtocol - Starting ProtocolHandler ["http-nio-8761"]
2018-12-07 14:26:46.332 [Thread-17] INFO  o.s.c.netflix.eureka.server.EurekaServerBootstrap - isAws returned false
2018-12-07 14:26:46.332 [Thread-17] INFO  o.s.c.netflix.eureka.server.EurekaServerBootstrap - Initialized server context
2018-12-07 14:26:46.332 [Thread-17] INFO  c.n.eureka.registry.PeerAwareInstanceRegistryImpl - Got 1 instances from neighboring DS node
2018-12-07 14:26:46.333 [Thread-17] INFO  c.n.eureka.registry.PeerAwareInstanceRegistryImpl - Renew threshold is: 1
2018-12-07 14:26:46.333 [Thread-17] INFO  c.n.eureka.registry.PeerAwareInstanceRegistryImpl - Changing status to UP
2018-12-07 14:26:46.346 [main] INFO  org.apache.tomcat.util.net.NioSelectorPool - Using a shared selector for servlet write/read
2018-12-07 14:26:46.366 [Thread-17] INFO  o.s.c.n.e.s.EurekaServerInitializerConfiguration - Started Eureka Server
2018-12-07 14:26:46.381 [main] INFO  o.s.boot.web.embedded.tomcat.TomcatWebServer - Tomcat started on port(s): 8761 (http) with context path ''
2018-12-07 14:26:46.383 [main] INFO  o.s.c.n.e.s.EurekaAutoServiceRegistration - Updating port to 8761
2018-12-07 14:26:46.387 [main] INFO  c.a.web.cloud.eurekaserver.EurekaserverApplication - Started EurekaserverApplication in 7.76 seconds (JVM running for 8.227)
2018-12-07 14:27:09.658 [http-nio-8761-exec-1] INFO  o.a.c.core.ContainerBase.[Tomcat].[localhost].[/] - Initializing Spring FrameworkServlet 'dispatcherServlet'
2018-12-07 14:27:09.658 [http-nio-8761-exec-1] INFO  org.springframework.web.servlet.DispatcherServlet - FrameworkServlet 'dispatcherServlet': initialization started
2018-12-07 14:27:09.682 [http-nio-8761-exec-1] INFO  org.springframework.web.servlet.DispatcherServlet - FrameworkServlet 'dispatcherServlet': initialization completed in 22 ms
2018-12-07 14:27:46.336 [Eureka-EvictionTimer] INFO  c.netflix.eureka.registry.AbstractInstanceRegistry - Running the evict task with compensationTime 0ms
2018-12-07 14:28:46.337 [Eureka-EvictionTimer] INFO  c.netflix.eureka.registry.AbstractInstanceRegistry - Running the evict task with compensationTime 0ms
2018-12-07 14:29:46.337 [Eureka-EvictionTimer] INFO  c.netflix.eureka.registry.AbstractInstanceRegistry - Running the evict task with compensationTime 0ms
2018-12-07 14:29:58.112 [http-nio-8761-exec-10] INFO  c.netflix.eureka.registry.AbstractInstanceRegistry - Registered instance ACTUATOR-1/eurekaserver.com:actuator-1:8083 with status UP (replication=false)
2018-12-07 14:29:58.774 [http-nio-8761-exec-3] INFO  c.netflix.eureka.registry.AbstractInstanceRegistry - Registered instance ACTUATOR-1/eurekaserver.com:actuator-1:8083 with status UP (replication=true)
2018-12-07 14:30:46.338 [Eureka-EvictionTimer] INFO  c.netflix.eureka.registry.AbstractInstanceRegistry - Running the evict task with compensationTime 0ms
2018-12-07 14:31:46.338 [Eureka-EvictionTimer] INFO  c.netflix.eureka.registry.AbstractInstanceRegistry - Running the evict task with compensationTime 0ms
2018-12-07 14:32:46.338 [Eureka-EvictionTimer] INFO  c.netflix.eureka.registry.AbstractInstanceRegistry - Running the evict task with compensationTime 0ms
2018-12-07 14:33:46.339 [Eureka-EvictionTimer] INFO  c.netflix.eureka.registry.AbstractInstanceRegistry - Running the evict task with compensationTime 0ms
2018-12-07 14:34:46.339 [Eureka-EvictionTimer] INFO  c.netflix.eureka.registry.AbstractInstanceRegistry - Running the evict task with compensationTime 0ms
2018-12-07 14:34:46.339 [Eureka-EvictionTimer] INFO  c.netflix.eureka.registry.AbstractInstanceRegistry - Evicting 1 items (expired=1, evictionLimit=1)
2018-12-07 14:34:46.343 [Eureka-EvictionTimer] INFO  c.netflix.eureka.registry.AbstractInstanceRegistry - Cancelled instance ACTUATOR-1/eurekaserver.com:actuator-1:8083 (replication=false)
2018-12-07 14:35:08.301 [http-nio-8761-exec-9] INFO  c.netflix.eureka.registry.AbstractInstanceRegistry - Registered instance ACTUATOR-1/eurekaserver.com:actuator-1:8083 with status UP (replication=false)
2018-12-07 14:35:08.808 [http-nio-8761-exec-10] INFO  c.netflix.eureka.registry.AbstractInstanceRegistry - Registered instance ACTUATOR-1/eurekaserver.com:actuator-1:8083 with status UP (replication=true)
2018-12-07 14:35:46.340 [Eureka-EvictionTimer] INFO  c.netflix.eureka.registry.AbstractInstanceRegistry - Running the evict task with compensationTime 0ms
2018-12-07 14:36:46.340 [Eureka-EvictionTimer] INFO  c.netflix.eureka.registry.AbstractInstanceRegistry - Running the evict task with compensationTime 0ms
2018-12-07 14:37:46.341 [Eureka-EvictionTimer] INFO  c.netflix.eureka.registry.AbstractInstanceRegistry - Running the evict task with compensationTime 0ms
2018-12-07 14:38:46.341 [Eureka-EvictionTimer] INFO  c.netflix.eureka.registry.AbstractInstanceRegistry - Running the evict task with compensationTime 0ms
2018-12-07 14:38:46.342 [Eureka-EvictionTimer] INFO  c.netflix.eureka.registry.AbstractInstanceRegistry - Evicting 1 items (expired=1, evictionLimit=1)
2018-12-07 14:38:46.344 [Eureka-EvictionTimer] INFO  c.netflix.eureka.registry.AbstractInstanceRegistry - Cancelled instance ACTUATOR-1/eurekaserver.com:actuator-1:8083 (replication=false)
2018-12-07 14:39:30.730 [http-nio-8761-exec-1] INFO  c.netflix.eureka.registry.AbstractInstanceRegistry - Registered instance ACTUATOR-1/eurekaserver.com:actuator-1:8083 with status UP (replication=false)
2018-12-07 14:39:30.755 [http-nio-8761-exec-2] INFO  c.netflix.eureka.registry.AbstractInstanceRegistry - Registered instance ACTUATOR-1/eurekaserver.com:actuator-1:8083 with status DOWN (replication=false)
2018-12-07 14:39:31.278 [http-nio-8761-exec-6] INFO  c.netflix.eureka.registry.AbstractInstanceRegistry - Registered instance ACTUATOR-1/eurekaserver.com:actuator-1:8083 with status DOWN (replication=true)
2018-12-07 14:39:46.341 [Eureka-EvictionTimer] INFO  c.netflix.eureka.registry.AbstractInstanceRegistry - Running the evict task with compensationTime 0ms
2018-12-07 14:40:46.343 [Eureka-EvictionTimer] INFO  c.netflix.eureka.registry.AbstractInstanceRegistry - Running the evict task with compensationTime 0ms
2018-12-07 14:41:14.000 [http-nio-8761-exec-8] INFO  c.netflix.eureka.registry.AbstractInstanceRegistry - Registered instance ACTUATOR-1/eurekaserver.com:actuator-1:8083 with status UP (replication=false)
2018-12-07 14:41:14.021 [http-nio-8761-exec-7] INFO  c.netflix.eureka.registry.AbstractInstanceRegistry - Registered instance ACTUATOR-1/eurekaserver.com:actuator-1:8083 with status DOWN (replication=false)
2018-12-07 14:41:14.527 [http-nio-8761-exec-4] INFO  c.netflix.eureka.registry.AbstractInstanceRegistry - Registered instance ACTUATOR-1/eurekaserver.com:actuator-1:8083 with status DOWN (replication=true)
2018-12-07 14:41:44.043 [http-nio-8761-exec-7] INFO  c.netflix.eureka.registry.AbstractInstanceRegistry - Registered instance ACTUATOR-1/eurekaserver.com:actuator-1:8083 with status UP (replication=false)
2018-12-07 14:41:44.553 [http-nio-8761-exec-4] INFO  c.netflix.eureka.registry.AbstractInstanceRegistry - Registered instance ACTUATOR-1/eurekaserver.com:actuator-1:8083 with status UP (replication=true)
2018-12-07 14:41:44.562 [TaskBatchingWorker-target_localhost-2] INFO  c.netflix.eureka.registry.AbstractInstanceRegistry - Registered instance ACTUATOR-1/eurekaserver.com:actuator-1:8083 with status UP (replication=true)
2018-12-07 14:41:46.086 [ReplicaAwareInstanceRegistry - RenewalThresholdUpdater] INFO  c.n.eureka.registry.PeerAwareInstanceRegistryImpl - Current renewal threshold is : 6
2018-12-07 14:41:46.342 [Eureka-EvictionTimer] INFO  c.netflix.eureka.registry.AbstractInstanceRegistry - Running the evict task with compensationTime 0ms
2018-12-07 14:42:44.060 [http-nio-8761-exec-2] INFO  c.netflix.eureka.registry.AbstractInstanceRegistry - Registered instance ACTUATOR-1/eurekaserver.com:actuator-1:8083 with status DOWN (replication=false)
2018-12-07 14:42:44.571 [http-nio-8761-exec-9] INFO  c.netflix.eureka.registry.AbstractInstanceRegistry - Registered instance ACTUATOR-1/eurekaserver.com:actuator-1:8083 with status DOWN (replication=true)
2018-12-07 14:42:46.343 [Eureka-EvictionTimer] INFO  c.netflix.eureka.registry.AbstractInstanceRegistry - Running the evict task with compensationTime 0ms
2018-12-07 14:43:46.343 [Eureka-EvictionTimer] INFO  c.netflix.eureka.registry.AbstractInstanceRegistry - Running the evict task with compensationTime 0ms
2018-12-07 14:44:32.501 [http-nio-8761-exec-10] INFO  c.netflix.eureka.registry.AbstractInstanceRegistry - Registered instance ACTUATOR-1/eurekaserver.com:actuator-1:8083 with status DOWN (replication=false)
2018-12-07 14:44:33.009 [http-nio-8761-exec-3] INFO  c.netflix.eureka.registry.AbstractInstanceRegistry - Registered instance ACTUATOR-1/eurekaserver.com:actuator-1:8083 with status DOWN (replication=true)
2018-12-07 14:44:46.344 [Eureka-EvictionTimer] INFO  c.netflix.eureka.registry.AbstractInstanceRegistry - Running the evict task with compensationTime 0ms
2018-12-07 14:45:46.344 [Eureka-EvictionTimer] INFO  c.netflix.eureka.registry.AbstractInstanceRegistry - Running the evict task with compensationTime 0ms
2018-12-07 14:46:46.344 [Eureka-EvictionTimer] INFO  c.netflix.eureka.registry.AbstractInstanceRegistry - Running the evict task with compensationTime 0ms
2018-12-07 14:47:46.345 [Eureka-EvictionTimer] INFO  c.netflix.eureka.registry.AbstractInstanceRegistry - Running the evict task with compensationTime 0ms
2018-12-07 14:48:38.580 [http-nio-8761-exec-10] INFO  c.netflix.eureka.registry.AbstractInstanceRegistry - Registered instance ACTUATOR-1/eurekaserver.com:actuator-1:8083 with status UP (replication=false)
2018-12-07 14:48:39.090 [http-nio-8761-exec-3] INFO  c.netflix.eureka.registry.AbstractInstanceRegistry - Registered instance ACTUATOR-1/eurekaserver.com:actuator-1:8083 with status UP (replication=true)
2018-12-07 14:48:46.345 [Eureka-EvictionTimer] INFO  c.netflix.eureka.registry.AbstractInstanceRegistry - Running the evict task with compensationTime 0ms
2018-12-07 14:49:46.346 [Eureka-EvictionTimer] INFO  c.netflix.eureka.registry.AbstractInstanceRegistry - Running the evict task with compensationTime 0ms
2018-12-07 14:50:46.346 [Eureka-EvictionTimer] INFO  c.netflix.eureka.registry.AbstractInstanceRegistry - Running the evict task with compensationTime 0ms
2018-12-07 14:51:46.347 [Eureka-EvictionTimer] INFO  c.netflix.eureka.registry.AbstractInstanceRegistry - Running the evict task with compensationTime 0ms
2018-12-07 14:52:46.347 [Eureka-EvictionTimer] INFO  c.netflix.eureka.registry.AbstractInstanceRegistry - Running the evict task with compensationTime 0ms
2018-12-07 14:53:46.348 [Eureka-EvictionTimer] INFO  c.netflix.eureka.registry.AbstractInstanceRegistry - Running the evict task with compensationTime 0ms
2018-12-07 14:54:46.348 [Eureka-EvictionTimer] INFO  c.netflix.eureka.registry.AbstractInstanceRegistry - Running the evict task with compensationTime 0ms
2018-12-07 14:55:30.395 [http-nio-8761-exec-1] INFO  c.netflix.eureka.registry.AbstractInstanceRegistry - Registered instance ACTUATOR-1/eurekaserver.com:actuator-1:8083 with status UP (replication=false)
2018-12-07 14:55:30.913 [http-nio-8761-exec-2] INFO  c.netflix.eureka.registry.AbstractInstanceRegistry - Registered instance ACTUATOR-1/eurekaserver.com:actuator-1:8083 with status UP (replication=true)
2018-12-07 14:55:46.348 [Eureka-EvictionTimer] INFO  c.netflix.eureka.registry.AbstractInstanceRegistry - Running the evict task with compensationTime 0ms
2018-12-07 14:56:46.087 [ReplicaAwareInstanceRegistry - RenewalThresholdUpdater] INFO  c.n.eureka.registry.PeerAwareInstanceRegistryImpl - Current renewal threshold is : 6
2018-12-07 14:56:46.349 [Eureka-EvictionTimer] INFO  c.netflix.eureka.registry.AbstractInstanceRegistry - Running the evict task with compensationTime 0ms
2018-12-07 14:56:46.349 [Eureka-EvictionTimer] INFO  c.netflix.eureka.registry.AbstractInstanceRegistry - Evicting 1 items (expired=1, evictionLimit=1)
2018-12-07 14:56:46.350 [Eureka-EvictionTimer] INFO  c.netflix.eureka.registry.AbstractInstanceRegistry - Cancelled instance ACTUATOR-1/eurekaserver.com:actuator-1:8083 (replication=false)
2018-12-07 14:57:03.588 [http-nio-8761-exec-2] INFO  c.netflix.eureka.registry.AbstractInstanceRegistry - Registered instance ACTUATOR-1/eurekaserver.com:actuator-1:8083 with status DOWN (replication=false)
2018-12-07 14:57:04.094 [http-nio-8761-exec-5] INFO  c.netflix.eureka.registry.AbstractInstanceRegistry - Registered instance ACTUATOR-1/eurekaserver.com:actuator-1:8083 with status DOWN (replication=true)
2018-12-07 14:57:33.619 [http-nio-8761-exec-9] INFO  c.netflix.eureka.registry.AbstractInstanceRegistry - Registered instance ACTUATOR-1/eurekaserver.com:actuator-1:8083 with status UP (replication=false)
2018-12-07 14:57:34.004 [http-nio-8761-exec-3] INFO  c.netflix.eureka.registry.AbstractInstanceRegistry - Registered instance ACTUATOR-1/eurekaserver.com:actuator-1:8083 with status UP (replication=true)
2018-12-07 14:57:34.013 [TaskBatchingWorker-target_localhost-6] INFO  c.netflix.eureka.registry.AbstractInstanceRegistry - Registered instance ACTUATOR-1/eurekaserver.com:actuator-1:8083 with status UP (replication=true)
2018-12-07 14:57:46.349 [Eureka-EvictionTimer] INFO  c.netflix.eureka.registry.AbstractInstanceRegistry - Running the evict task with compensationTime 0ms
2018-12-07 14:58:03.641 [http-nio-8761-exec-10] INFO  c.netflix.eureka.registry.AbstractInstanceRegistry - Registered instance ACTUATOR-1/eurekaserver.com:actuator-1:8083 with status DOWN (replication=false)
2018-12-07 14:58:04.111 [http-nio-8761-exec-3] INFO  c.netflix.eureka.registry.AbstractInstanceRegistry - Registered instance ACTUATOR-1/eurekaserver.com:actuator-1:8083 with status DOWN (replication=true)
2018-12-07 14:58:04.120 [TaskBatchingWorker-target_localhost-13] INFO  c.netflix.eureka.registry.AbstractInstanceRegistry - Registered instance ACTUATOR-1/eurekaserver.com:actuator-1:8083 with status DOWN (replication=true)
2018-12-07 14:58:33.669 [http-nio-8761-exec-5] INFO  c.netflix.eureka.registry.AbstractInstanceRegistry - Registered instance ACTUATOR-1/eurekaserver.com:actuator-1:8083 with status UP (replication=false)
2018-12-07 14:58:34.175 [http-nio-8761-exec-9] INFO  c.netflix.eureka.registry.AbstractInstanceRegistry - Registered instance ACTUATOR-1/eurekaserver.com:actuator-1:8083 with status UP (replication=true)
2018-12-07 14:58:46.350 [Eureka-EvictionTimer] INFO  c.netflix.eureka.registry.AbstractInstanceRegistry - Running the evict task with compensationTime 0ms
2018-12-07 14:59:46.350 [Eureka-EvictionTimer] INFO  c.netflix.eureka.registry.AbstractInstanceRegistry - Running the evict task with compensationTime 0ms
2018-12-07 15:00:46.351 [Eureka-EvictionTimer] INFO  c.netflix.eureka.registry.AbstractInstanceRegistry - Running the evict task with compensationTime 0ms
2018-12-07 15:01:46.351 [Eureka-EvictionTimer] INFO  c.netflix.eureka.registry.AbstractInstanceRegistry - Running the evict task with compensationTime 0ms
2018-12-07 15:02:46.351 [Eureka-EvictionTimer] INFO  c.netflix.eureka.registry.AbstractInstanceRegistry - Running the evict task with compensationTime 0ms
2018-12-07 15:03:46.352 [Eureka-EvictionTimer] INFO  c.netflix.eureka.registry.AbstractInstanceRegistry - Running the evict task with compensationTime 0ms
2018-12-07 15:03:46.352 [Eureka-EvictionTimer] INFO  c.netflix.eureka.registry.AbstractInstanceRegistry - Evicting 1 items (expired=1, evictionLimit=1)
2018-12-07 15:03:46.354 [Eureka-EvictionTimer] INFO  c.netflix.eureka.registry.AbstractInstanceRegistry - Cancelled instance ACTUATOR-1/eurekaserver.com:actuator-1:8083 (replication=false)
2018-12-07 15:04:05.405 [http-nio-8761-exec-6] INFO  c.netflix.eureka.registry.AbstractInstanceRegistry - Registered instance ACTUATOR-1/eurekaserver.com:actuator-1:8083 with status DOWN (replication=false)
2018-12-07 15:04:05.910 [http-nio-8761-exec-9] INFO  c.netflix.eureka.registry.AbstractInstanceRegistry - Registered instance ACTUATOR-1/eurekaserver.com:actuator-1:8083 with status DOWN (replication=true)
2018-12-07 15:04:46.352 [Eureka-EvictionTimer] INFO  c.netflix.eureka.registry.AbstractInstanceRegistry - Running the evict task with compensationTime 0ms
2018-12-07 15:05:05.419 [http-nio-8761-exec-8] INFO  c.netflix.eureka.registry.AbstractInstanceRegistry - Registered instance ACTUATOR-1/eurekaserver.com:actuator-1:8083 with status UP (replication=false)
2018-12-07 15:05:05.931 [http-nio-8761-exec-4] INFO  c.netflix.eureka.registry.AbstractInstanceRegistry - Registered instance ACTUATOR-1/eurekaserver.com:actuator-1:8083 with status UP (replication=true)
2018-12-07 15:05:46.353 [Eureka-EvictionTimer] INFO  c.netflix.eureka.registry.AbstractInstanceRegistry - Running the evict task with compensationTime 0ms
2018-12-07 15:06:46.353 [Eureka-EvictionTimer] INFO  c.netflix.eureka.registry.AbstractInstanceRegistry - Running the evict task with compensationTime 0ms
2018-12-07 15:06:46.353 [Eureka-EvictionTimer] INFO  c.netflix.eureka.registry.AbstractInstanceRegistry - Evicting 1 items (expired=1, evictionLimit=1)
2018-12-07 15:06:46.354 [Eureka-EvictionTimer] INFO  c.netflix.eureka.registry.AbstractInstanceRegistry - Cancelled instance ACTUATOR-1/eurekaserver.com:actuator-1:8083 (replication=false)
2018-12-07 15:06:54.888 [http-nio-8761-exec-7] INFO  c.netflix.eureka.registry.AbstractInstanceRegistry - Registered instance ACTUATOR-1/eurekaserver.com:actuator-1:8083 with status DOWN (replication=false)
2018-12-07 15:06:55.397 [http-nio-8761-exec-4] INFO  c.netflix.eureka.registry.AbstractInstanceRegistry - Registered instance ACTUATOR-1/eurekaserver.com:actuator-1:8083 with status DOWN (replication=true)
2018-12-07 15:07:24.905 [http-nio-8761-exec-2] INFO  c.netflix.eureka.registry.AbstractInstanceRegistry - Registered instance ACTUATOR-1/eurekaserver.com:actuator-1:8083 with status UP (replication=false)
2018-12-07 15:07:25.388 [http-nio-8761-exec-5] INFO  c.netflix.eureka.registry.AbstractInstanceRegistry - Registered instance ACTUATOR-1/eurekaserver.com:actuator-1:8083 with status UP (replication=true)
2018-12-07 15:07:25.396 [TaskBatchingWorker-target_localhost-13] INFO  c.netflix.eureka.registry.AbstractInstanceRegistry - Registered instance ACTUATOR-1/eurekaserver.com:actuator-1:8083 with status UP (replication=true)
2018-12-07 15:07:46.354 [Eureka-EvictionTimer] INFO  c.netflix.eureka.registry.AbstractInstanceRegistry - Running the evict task with compensationTime 0ms
2018-12-07 15:08:46.354 [Eureka-EvictionTimer] INFO  c.netflix.eureka.registry.AbstractInstanceRegistry - Running the evict task with compensationTime 0ms
2018-12-07 15:09:46.354 [Eureka-EvictionTimer] INFO  c.netflix.eureka.registry.AbstractInstanceRegistry - Running the evict task with compensationTime 0ms
2018-12-07 15:10:46.355 [Eureka-EvictionTimer] INFO  c.netflix.eureka.registry.AbstractInstanceRegistry - Running the evict task with compensationTime 0ms
2018-12-07 15:11:46.088 [ReplicaAwareInstanceRegistry - RenewalThresholdUpdater] INFO  c.n.eureka.registry.PeerAwareInstanceRegistryImpl - Current renewal threshold is : 11
2018-12-07 15:11:46.355 [Eureka-EvictionTimer] INFO  c.netflix.eureka.registry.AbstractInstanceRegistry - Running the evict task with compensationTime 0ms
2018-12-07 15:12:46.356 [Eureka-EvictionTimer] INFO  c.netflix.eureka.registry.AbstractInstanceRegistry - Running the evict task with compensationTime 0ms
2018-12-07 15:13:30.434 [http-nio-8761-exec-1] INFO  c.netflix.eureka.registry.AbstractInstanceRegistry - Registered instance ACTUATOR-1/eurekaserver.com:actuator-1:8083 with status UP (replication=false)
2018-12-07 15:13:30.472 [http-nio-8761-exec-2] INFO  c.netflix.eureka.registry.AbstractInstanceRegistry - Registered instance ACTUATOR-1/eurekaserver.com:actuator-1:8083 with status DOWN (replication=false)
2018-12-07 15:13:30.984 [http-nio-8761-exec-5] INFO  c.netflix.eureka.registry.AbstractInstanceRegistry - Registered instance ACTUATOR-1/eurekaserver.com:actuator-1:8083 with status DOWN (replication=true)
2018-12-07 15:13:46.356 [Eureka-EvictionTimer] INFO  c.netflix.eureka.registry.AbstractInstanceRegistry - Running the evict task with compensationTime 0ms
2018-12-07 15:14:31.007 [main] INFO  c.a.web.cloud.eurekaserver.EurekaserverApplication - The following profiles are active: dev
2018-12-07 15:14:31.028 [main] INFO  o.s.b.w.s.c.AnnotationConfigServletWebServerApplicationContext - Refreshing org.springframework.boot.web.servlet.context.AnnotationConfigServletWebServerApplicationContext@1e0f9063: startup date [Fri Dec 07 15:14:31 CST 2018]; parent: org.springframework.context.annotation.AnnotationConfigApplicationContext@50caa560
2018-12-07 15:14:32.120 [main] INFO  o.springframework.cloud.context.scope.GenericScope - BeanFactory id=42198331-4dd2-38d8-90d4-e5fac5af2951
2018-12-07 15:14:32.143 [main] INFO  o.s.b.f.a.AutowiredAnnotationBeanPostProcessor - JSR-330 'javax.inject.Inject' annotation found and supported for autowiring
2018-12-07 15:14:32.270 [main] INFO  o.s.c.s.PostProcessorRegistrationDelegate$BeanPostProcessorChecker - Bean 'org.springframework.cloud.autoconfigure.ConfigurationPropertiesRebinderAutoConfiguration' of type [org.springframework.cloud.autoconfigure.ConfigurationPropertiesRebinderAutoConfiguration$$EnhancerBySpringCGLIB$$f659140e] is not eligible for getting processed by all BeanPostProcessors (for example: not eligible for auto-proxying)
2018-12-07 15:14:32.886 [main] INFO  o.s.boot.web.embedded.tomcat.TomcatWebServer - Tomcat initialized with port(s): 8761 (http)
2018-12-07 15:14:32.906 [main] INFO  org.apache.coyote.http11.Http11NioProtocol - Initializing ProtocolHandler ["http-nio-8761"]
2018-12-07 15:14:32.918 [main] INFO  org.apache.catalina.core.StandardService - Starting service [Tomcat]
2018-12-07 15:14:32.919 [main] INFO  org.apache.catalina.core.StandardEngine - Starting Servlet Engine: Apache Tomcat/8.5.34
2018-12-07 15:14:32.929 [localhost-startStop-1] INFO  org.apache.catalina.core.AprLifecycleListener - The APR based Apache Tomcat Native library which allows optimal performance in production environments was not found on the java.library.path: [D:\DEVELOP\Java8\jdk1.8.0_161\bin;C:\Windows\Sun\Java\bin;C:\Windows\system32;C:\Windows;D:/DEVELOP/Java8/jdk1.8.0_161/jre/bin/server;D:/DEVELOP/Java8/jdk1.8.0_161/jre/bin;D:/DEVELOP/Java8/jdk1.8.0_161/jre/lib/amd64;D:\oracle\product\10.2.0\db_1\bin;C:\Windows\system32;C:\Windows;C:\Windows\System32\Wbem;C:\Windows\System32\WindowsPowerShell\v1.0\;D:\Program Files\TortoiseSVN\bin;D:\DEVELOP\Git\cmd;.;D:\DEVELOP\Java8\jdk825\bin;D:\DEVELOP\Java8\jdk825\jre\bin;D:\DEVELOP\apache-maven-3.5.0\bin;D:\Program Files\nodejs;D:\DEVELOP\ffmpeg\bin;D:\nodejs\npm\node_global;D:\DEVELOP\eclipse;;.]
2018-12-07 15:14:33.089 [localhost-startStop-1] INFO  o.a.c.core.ContainerBase.[Tomcat].[localhost].[/] - Initializing Spring embedded WebApplicationContext
2018-12-07 15:14:33.089 [localhost-startStop-1] INFO  org.springframework.web.context.ContextLoader - Root WebApplicationContext: initialization completed in 2061 ms
2018-12-07 15:14:33.317 [localhost-startStop-1] INFO  com.netflix.config.sources.URLConfigurationSource - To enable URLs as dynamic configuration sources, define System property archaius.configurationSource.additionalUrls or make config.properties available on classpath.
2018-12-07 15:14:33.335 [localhost-startStop-1] INFO  com.netflix.config.DynamicPropertyFactory - DynamicPropertyFactory is initialized with configuration sources: com.netflix.config.ConcurrentCompositeConfiguration@7911d456
2018-12-07 15:14:34.561 [localhost-startStop-1] INFO  o.s.boot.web.servlet.FilterRegistrationBean - Mapping filter: 'characterEncodingFilter' to: [/*]
2018-12-07 15:14:34.562 [localhost-startStop-1] INFO  o.s.boot.web.servlet.FilterRegistrationBean - Mapping filter: 'webMvcMetricsFilter' to: [/*]
2018-12-07 15:14:34.562 [localhost-startStop-1] INFO  o.s.boot.web.servlet.FilterRegistrationBean - Mapping filter: 'hiddenHttpMethodFilter' to: [/*]
2018-12-07 15:14:34.562 [localhost-startStop-1] INFO  o.s.boot.web.servlet.FilterRegistrationBean - Mapping filter: 'httpPutFormContentFilter' to: [/*]
2018-12-07 15:14:34.563 [localhost-startStop-1] INFO  o.s.boot.web.servlet.FilterRegistrationBean - Mapping filter: 'requestContextFilter' to: [/*]
2018-12-07 15:14:34.563 [localhost-startStop-1] INFO  o.s.boot.web.servlet.FilterRegistrationBean - Mapping filter: 'httpTraceFilter' to: [/*]
2018-12-07 15:14:34.563 [localhost-startStop-1] INFO  o.s.boot.web.servlet.FilterRegistrationBean - Mapping filter: 'servletContainer' to urls: [/eureka/*]
2018-12-07 15:14:34.563 [localhost-startStop-1] INFO  o.s.boot.web.servlet.ServletRegistrationBean - Servlet dispatcherServlet mapped to [/]
2018-12-07 15:14:34.650 [localhost-startStop-1] INFO  c.s.j.server.impl.application.WebApplicationImpl - Initiating Jersey application, version 'Jersey: 1.19.1 03/11/2016 02:08 PM'
2018-12-07 15:14:34.720 [localhost-startStop-1] INFO  c.n.discovery.provider.DiscoveryJerseyProvider - Using JSON encoding codec LegacyJacksonJson
2018-12-07 15:14:34.722 [localhost-startStop-1] INFO  c.n.discovery.provider.DiscoveryJerseyProvider - Using JSON decoding codec LegacyJacksonJson
2018-12-07 15:14:34.844 [localhost-startStop-1] INFO  c.n.discovery.provider.DiscoveryJerseyProvider - Using XML encoding codec XStreamXml
2018-12-07 15:14:34.845 [localhost-startStop-1] INFO  c.n.discovery.provider.DiscoveryJerseyProvider - Using XML decoding codec XStreamXml
2018-12-07 15:14:35.160 [main] INFO  com.netflix.config.sources.URLConfigurationSource - To enable URLs as dynamic configuration sources, define System property archaius.configurationSource.additionalUrls or make config.properties available on classpath.
2018-12-07 15:14:35.288 [main] INFO  o.s.web.servlet.handler.SimpleUrlHandlerMapping - Mapped URL path [/**/favicon.ico] onto handler of type [class org.springframework.web.servlet.resource.ResourceHttpRequestHandler]
2018-12-07 15:14:35.507 [main] INFO  o.s.w.s.m.m.a.RequestMappingHandlerAdapter - Looking for @ControllerAdvice: org.springframework.boot.web.servlet.context.AnnotationConfigServletWebServerApplicationContext@1e0f9063: startup date [Fri Dec 07 15:14:31 CST 2018]; parent: org.springframework.context.annotation.AnnotationConfigApplicationContext@50caa560
2018-12-07 15:14:35.587 [main] INFO  o.s.w.s.m.m.a.RequestMappingHandlerMapping - Mapped "{[/error]}" onto public org.springframework.http.ResponseEntity<java.util.Map<java.lang.String, java.lang.Object>> org.springframework.boot.autoconfigure.web.servlet.error.BasicErrorController.error(javax.servlet.http.HttpServletRequest)
2018-12-07 15:14:35.589 [main] INFO  o.s.w.s.m.m.a.RequestMappingHandlerMapping - Mapped "{[/error],produces=[text/html]}" onto public org.springframework.web.servlet.ModelAndView org.springframework.boot.autoconfigure.web.servlet.error.BasicErrorController.errorHtml(javax.servlet.http.HttpServletRequest,javax.servlet.http.HttpServletResponse)
2018-12-07 15:14:35.596 [main] INFO  o.s.w.s.m.m.a.RequestMappingHandlerMapping - Mapped "{[/],methods=[GET]}" onto public java.lang.String org.springframework.cloud.netflix.eureka.server.EurekaController.status(javax.servlet.http.HttpServletRequest,java.util.Map<java.lang.String, java.lang.Object>)
2018-12-07 15:14:35.596 [main] INFO  o.s.w.s.m.m.a.RequestMappingHandlerMapping - Mapped "{[/lastn],methods=[GET]}" onto public java.lang.String org.springframework.cloud.netflix.eureka.server.EurekaController.lastn(javax.servlet.http.HttpServletRequest,java.util.Map<java.lang.String, java.lang.Object>)
2018-12-07 15:14:35.622 [main] INFO  o.s.web.servlet.handler.SimpleUrlHandlerMapping - Mapped URL path [/webjars/**] onto handler of type [class org.springframework.web.servlet.resource.ResourceHttpRequestHandler]
2018-12-07 15:14:35.622 [main] INFO  o.s.web.servlet.handler.SimpleUrlHandlerMapping - Mapped URL path [/**] onto handler of type [class org.springframework.web.servlet.resource.ResourceHttpRequestHandler]
2018-12-07 15:14:36.038 [main] INFO  o.s.ui.freemarker.SpringTemplateLoader - SpringTemplateLoader for FreeMarker: using resource loader [org.springframework.boot.web.servlet.context.AnnotationConfigServletWebServerApplicationContext@1e0f9063: startup date [Fri Dec 07 15:14:31 CST 2018]; parent: org.springframework.context.annotation.AnnotationConfigApplicationContext@50caa560] and template loader path [classpath:/templates/]
2018-12-07 15:14:36.039 [main] INFO  o.s.w.servlet.view.freemarker.FreeMarkerConfigurer - ClassTemplateLoader for Spring macros added to FreeMarker configuration
2018-12-07 15:14:36.229 [main] INFO  o.s.cloud.netflix.eureka.InstanceInfoFactory - Setting initial instance status as: STARTING
2018-12-07 15:14:36.276 [main] INFO  com.netflix.discovery.DiscoveryClient - Initializing Eureka in region us-east-1
2018-12-07 15:14:36.276 [main] INFO  com.netflix.discovery.DiscoveryClient - Client configured to neither register nor query for data.
2018-12-07 15:14:36.289 [main] INFO  com.netflix.discovery.DiscoveryClient - Discovery Client initialized at timestamp 1544166876287 with initial instances count: 0
2018-12-07 15:14:36.337 [main] INFO  com.netflix.eureka.DefaultEurekaServerContext - Initializing ...
2018-12-07 15:14:36.339 [main] INFO  com.netflix.eureka.cluster.PeerEurekaNodes - Adding new peer nodes [http://localhost:8761/eureka/]
2018-12-07 15:14:36.668 [main] INFO  c.n.discovery.provider.DiscoveryJerseyProvider - Using JSON encoding codec LegacyJacksonJson
2018-12-07 15:14:36.669 [main] INFO  c.n.discovery.provider.DiscoveryJerseyProvider - Using JSON decoding codec LegacyJacksonJson
2018-12-07 15:14:36.669 [main] INFO  c.n.discovery.provider.DiscoveryJerseyProvider - Using XML encoding codec XStreamXml
2018-12-07 15:14:36.669 [main] INFO  c.n.discovery.provider.DiscoveryJerseyProvider - Using XML decoding codec XStreamXml
2018-12-07 15:14:36.778 [main] INFO  com.netflix.eureka.cluster.PeerEurekaNodes - Replica node URL:  http://localhost:8761/eureka/
2018-12-07 15:14:36.788 [main] INFO  c.netflix.eureka.registry.AbstractInstanceRegistry - Finished initializing remote region registries. All known remote regions: []
2018-12-07 15:14:36.790 [main] INFO  com.netflix.eureka.DefaultEurekaServerContext - Initialized
2018-12-07 15:14:36.817 [main] INFO  o.s.b.actuate.endpoint.web.EndpointLinksResolver - Exposing 2 endpoint(s) beneath base path '/actuator'
2018-12-07 15:14:36.833 [main] INFO  o.s.b.a.e.web.servlet.WebMvcEndpointHandlerMapping - Mapped "{[/actuator/health],methods=[GET],produces=[application/vnd.spring-boot.actuator.v2+json || application/json]}" onto public java.lang.Object org.springframework.boot.actuate.endpoint.web.servlet.AbstractWebMvcEndpointHandlerMapping$OperationHandler.handle(javax.servlet.http.HttpServletRequest,java.util.Map<java.lang.String, java.lang.String>)
2018-12-07 15:14:36.834 [main] INFO  o.s.b.a.e.web.servlet.WebMvcEndpointHandlerMapping - Mapped "{[/actuator/info],methods=[GET],produces=[application/vnd.spring-boot.actuator.v2+json || application/json]}" onto public java.lang.Object org.springframework.boot.actuate.endpoint.web.servlet.AbstractWebMvcEndpointHandlerMapping$OperationHandler.handle(javax.servlet.http.HttpServletRequest,java.util.Map<java.lang.String, java.lang.String>)
2018-12-07 15:14:36.835 [main] INFO  o.s.b.a.e.web.servlet.WebMvcEndpointHandlerMapping - Mapped "{[/actuator],methods=[GET],produces=[application/vnd.spring-boot.actuator.v2+json || application/json]}" onto protected java.util.Map<java.lang.String, java.util.Map<java.lang.String, org.springframework.boot.actuate.endpoint.web.Link>> org.springframework.boot.actuate.endpoint.web.servlet.WebMvcEndpointHandlerMapping.links(javax.servlet.http.HttpServletRequest,javax.servlet.http.HttpServletResponse)
2018-12-07 15:14:36.888 [main] INFO  o.s.jmx.export.annotation.AnnotationMBeanExporter - Registering beans for JMX exposure on startup
2018-12-07 15:14:36.898 [main] INFO  o.s.jmx.export.annotation.AnnotationMBeanExporter - Bean with name 'environmentManager' has been autodetected for JMX exposure
2018-12-07 15:14:36.899 [main] INFO  o.s.jmx.export.annotation.AnnotationMBeanExporter - Bean with name 'refreshScope' has been autodetected for JMX exposure
2018-12-07 15:14:36.901 [main] INFO  o.s.jmx.export.annotation.AnnotationMBeanExporter - Bean with name 'configurationPropertiesRebinder' has been autodetected for JMX exposure
2018-12-07 15:14:36.905 [main] INFO  o.s.jmx.export.annotation.AnnotationMBeanExporter - Located managed bean 'environmentManager': registering with JMX server as MBean [org.springframework.cloud.context.environment:name=environmentManager,type=EnvironmentManager]
2018-12-07 15:14:36.914 [main] INFO  o.s.jmx.export.annotation.AnnotationMBeanExporter - Located managed bean 'refreshScope': registering with JMX server as MBean [org.springframework.cloud.context.scope.refresh:name=refreshScope,type=RefreshScope]
2018-12-07 15:14:36.924 [main] INFO  o.s.jmx.export.annotation.AnnotationMBeanExporter - Located managed bean 'configurationPropertiesRebinder': registering with JMX server as MBean [org.springframework.cloud.context.properties:name=configurationPropertiesRebinder,context=1e0f9063,type=ConfigurationPropertiesRebinder]
2018-12-07 15:14:36.935 [main] INFO  o.s.context.support.DefaultLifecycleProcessor - Starting beans in phase 0
2018-12-07 15:14:36.939 [main] INFO  o.s.c.n.e.serviceregistry.EurekaServiceRegistry - Registering application EUREKA-SERVER-1 with eureka with status UP
2018-12-07 15:14:36.946 [Thread-17] INFO  o.s.c.netflix.eureka.server.EurekaServerBootstrap - Setting the eureka configuration..
2018-12-07 15:14:36.947 [Thread-17] INFO  o.s.c.netflix.eureka.server.EurekaServerBootstrap - Eureka data center value eureka.datacenter is not set, defaulting to default
2018-12-07 15:14:36.947 [Thread-17] INFO  o.s.c.netflix.eureka.server.EurekaServerBootstrap - Eureka environment value eureka.environment is not set, defaulting to test
2018-12-07 15:14:36.963 [main] INFO  org.apache.coyote.http11.Http11NioProtocol - Starting ProtocolHandler ["http-nio-8761"]
2018-12-07 15:14:36.964 [Thread-17] INFO  o.s.c.netflix.eureka.server.EurekaServerBootstrap - isAws returned false
2018-12-07 15:14:36.965 [Thread-17] INFO  o.s.c.netflix.eureka.server.EurekaServerBootstrap - Initialized server context
2018-12-07 15:14:36.965 [Thread-17] INFO  c.n.eureka.registry.PeerAwareInstanceRegistryImpl - Got 1 instances from neighboring DS node
2018-12-07 15:14:36.965 [Thread-17] INFO  c.n.eureka.registry.PeerAwareInstanceRegistryImpl - Renew threshold is: 1
2018-12-07 15:14:36.965 [Thread-17] INFO  c.n.eureka.registry.PeerAwareInstanceRegistryImpl - Changing status to UP
2018-12-07 15:14:36.985 [main] INFO  org.apache.tomcat.util.net.NioSelectorPool - Using a shared selector for servlet write/read
2018-12-07 15:14:36.989 [Thread-17] INFO  o.s.c.n.e.s.EurekaServerInitializerConfiguration - Started Eureka Server
2018-12-07 15:14:37.005 [main] INFO  o.s.boot.web.embedded.tomcat.TomcatWebServer - Tomcat started on port(s): 8761 (http) with context path ''
2018-12-07 15:14:37.007 [main] INFO  o.s.c.n.e.s.EurekaAutoServiceRegistration - Updating port to 8761
2018-12-07 15:14:37.010 [main] INFO  c.a.web.cloud.eurekaserver.EurekaserverApplication - Started EurekaserverApplication in 7.658 seconds (JVM running for 8.107)
2018-12-07 15:14:51.707 [http-nio-8761-exec-1] INFO  o.a.c.core.ContainerBase.[Tomcat].[localhost].[/] - Initializing Spring FrameworkServlet 'dispatcherServlet'
2018-12-07 15:14:51.708 [http-nio-8761-exec-1] INFO  org.springframework.web.servlet.DispatcherServlet - FrameworkServlet 'dispatcherServlet': initialization started
2018-12-07 15:14:51.736 [http-nio-8761-exec-1] INFO  org.springframework.web.servlet.DispatcherServlet - FrameworkServlet 'dispatcherServlet': initialization completed in 28 ms
2018-12-07 15:14:52.525 [http-nio-8761-exec-2] INFO  c.netflix.eureka.registry.AbstractInstanceRegistry - Registered instance ACTUATOR-1/eurekaserver.com:actuator-1:8083 with status UP (replication=false)
2018-12-07 15:14:52.546 [http-nio-8761-exec-3] INFO  c.netflix.eureka.registry.AbstractInstanceRegistry - Registered instance ACTUATOR-1/eurekaserver.com:actuator-1:8083 with status DOWN (replication=false)
2018-12-07 15:14:53.194 [http-nio-8761-exec-4] INFO  c.netflix.eureka.registry.AbstractInstanceRegistry - Registered instance ACTUATOR-1/eurekaserver.com:actuator-1:8083 with status DOWN (replication=true)
2018-12-07 15:15:36.967 [Eureka-EvictionTimer] INFO  c.netflix.eureka.registry.AbstractInstanceRegistry - Running the evict task with compensationTime 0ms
2018-12-07 15:15:36.968 [Eureka-EvictionTimer] INFO  c.netflix.eureka.registry.AbstractInstanceRegistry - Evicting 1 items (expired=1, evictionLimit=1)
2018-12-07 15:15:36.983 [Eureka-EvictionTimer] INFO  c.netflix.eureka.registry.AbstractInstanceRegistry - Cancelled instance ACTUATOR-1/eurekaserver.com:actuator-1:8083 (replication=false)
2018-12-07 15:15:59.750 [http-nio-8761-exec-5] INFO  c.netflix.eureka.registry.AbstractInstanceRegistry - Registered instance ACTUATOR-1/eurekaserver.com:actuator-1:8083 with status DOWN (replication=false)
2018-12-07 15:16:00.257 [http-nio-8761-exec-6] INFO  c.netflix.eureka.registry.AbstractInstanceRegistry - Registered instance ACTUATOR-1/eurekaserver.com:actuator-1:8083 with status DOWN (replication=true)
2018-12-07 15:16:36.968 [Eureka-EvictionTimer] INFO  c.netflix.eureka.registry.AbstractInstanceRegistry - Running the evict task with compensationTime 0ms
2018-12-07 15:17:36.968 [Eureka-EvictionTimer] INFO  c.netflix.eureka.registry.AbstractInstanceRegistry - Running the evict task with compensationTime 0ms
2018-12-07 15:18:36.969 [Eureka-EvictionTimer] INFO  c.netflix.eureka.registry.AbstractInstanceRegistry - Running the evict task with compensationTime 0ms
2018-12-07 15:19:36.969 [Eureka-EvictionTimer] INFO  c.netflix.eureka.registry.AbstractInstanceRegistry - Running the evict task with compensationTime 0ms
2018-12-07 15:22:34.530 [main] INFO  c.a.web.cloud.eurekaserver.EurekaserverApplication - The following profiles are active: dev
2018-12-07 15:22:34.553 [main] INFO  o.s.b.w.s.c.AnnotationConfigServletWebServerApplicationContext - Refreshing org.springframework.boot.web.servlet.context.AnnotationConfigServletWebServerApplicationContext@4535b6d5: startup date [Fri Dec 07 15:22:34 CST 2018]; parent: org.springframework.context.annotation.AnnotationConfigApplicationContext@29647f75
2018-12-07 15:22:35.726 [main] INFO  o.springframework.cloud.context.scope.GenericScope - BeanFactory id=42198331-4dd2-38d8-90d4-e5fac5af2951
2018-12-07 15:22:35.749 [main] INFO  o.s.b.f.a.AutowiredAnnotationBeanPostProcessor - JSR-330 'javax.inject.Inject' annotation found and supported for autowiring
2018-12-07 15:22:35.862 [main] INFO  o.s.c.s.PostProcessorRegistrationDelegate$BeanPostProcessorChecker - Bean 'org.springframework.cloud.autoconfigure.ConfigurationPropertiesRebinderAutoConfiguration' of type [org.springframework.cloud.autoconfigure.ConfigurationPropertiesRebinderAutoConfiguration$$EnhancerBySpringCGLIB$$39e4d04] is not eligible for getting processed by all BeanPostProcessors (for example: not eligible for auto-proxying)
2018-12-07 15:22:36.396 [main] INFO  o.s.boot.web.embedded.tomcat.TomcatWebServer - Tomcat initialized with port(s): 8761 (http)
2018-12-07 15:22:36.414 [main] INFO  org.apache.coyote.http11.Http11NioProtocol - Initializing ProtocolHandler ["http-nio-8761"]
2018-12-07 15:22:36.427 [main] INFO  org.apache.catalina.core.StandardService - Starting service [Tomcat]
2018-12-07 15:22:36.428 [main] INFO  org.apache.catalina.core.StandardEngine - Starting Servlet Engine: Apache Tomcat/8.5.34
2018-12-07 15:22:36.440 [localhost-startStop-1] INFO  org.apache.catalina.core.AprLifecycleListener - The APR based Apache Tomcat Native library which allows optimal performance in production environments was not found on the java.library.path: [D:\DEVELOP\Java8\jdk1.8.0_161\bin;C:\Windows\Sun\Java\bin;C:\Windows\system32;C:\Windows;D:/DEVELOP/Java8/jdk1.8.0_161/jre/bin/server;D:/DEVELOP/Java8/jdk1.8.0_161/jre/bin;D:/DEVELOP/Java8/jdk1.8.0_161/jre/lib/amd64;D:\oracle\product\10.2.0\db_1\bin;C:\Windows\system32;C:\Windows;C:\Windows\System32\Wbem;C:\Windows\System32\WindowsPowerShell\v1.0\;D:\Program Files\TortoiseSVN\bin;D:\DEVELOP\Git\cmd;.;D:\DEVELOP\Java8\jdk825\bin;D:\DEVELOP\Java8\jdk825\jre\bin;D:\DEVELOP\apache-maven-3.5.0\bin;D:\Program Files\nodejs;D:\DEVELOP\ffmpeg\bin;D:\nodejs\npm\node_global;D:\DEVELOP\eclipse;;.]
2018-12-07 15:22:36.570 [localhost-startStop-1] INFO  o.a.c.core.ContainerBase.[Tomcat].[localhost].[/] - Initializing Spring embedded WebApplicationContext
2018-12-07 15:22:36.571 [localhost-startStop-1] INFO  org.springframework.web.context.ContextLoader - Root WebApplicationContext: initialization completed in 2018 ms
2018-12-07 15:22:36.782 [localhost-startStop-1] INFO  com.netflix.config.sources.URLConfigurationSource - To enable URLs as dynamic configuration sources, define System property archaius.configurationSource.additionalUrls or make config.properties available on classpath.
2018-12-07 15:22:36.795 [localhost-startStop-1] INFO  com.netflix.config.DynamicPropertyFactory - DynamicPropertyFactory is initialized with configuration sources: com.netflix.config.ConcurrentCompositeConfiguration@6041b936
2018-12-07 15:22:38.084 [localhost-startStop-1] INFO  o.s.boot.web.servlet.FilterRegistrationBean - Mapping filter: 'characterEncodingFilter' to: [/*]
2018-12-07 15:22:38.085 [localhost-startStop-1] INFO  o.s.boot.web.servlet.FilterRegistrationBean - Mapping filter: 'webMvcMetricsFilter' to: [/*]
2018-12-07 15:22:38.085 [localhost-startStop-1] INFO  o.s.boot.web.servlet.FilterRegistrationBean - Mapping filter: 'hiddenHttpMethodFilter' to: [/*]
2018-12-07 15:22:38.085 [localhost-startStop-1] INFO  o.s.boot.web.servlet.FilterRegistrationBean - Mapping filter: 'httpPutFormContentFilter' to: [/*]
2018-12-07 15:22:38.085 [localhost-startStop-1] INFO  o.s.boot.web.servlet.FilterRegistrationBean - Mapping filter: 'requestContextFilter' to: [/*]
2018-12-07 15:22:38.086 [localhost-startStop-1] INFO  o.s.boot.web.servlet.FilterRegistrationBean - Mapping filter: 'httpTraceFilter' to: [/*]
2018-12-07 15:22:38.086 [localhost-startStop-1] INFO  o.s.boot.web.servlet.FilterRegistrationBean - Mapping filter: 'servletContainer' to urls: [/eureka/*]
2018-12-07 15:22:38.086 [localhost-startStop-1] INFO  o.s.boot.web.servlet.ServletRegistrationBean - Servlet dispatcherServlet mapped to [/]
2018-12-07 15:22:38.174 [localhost-startStop-1] INFO  c.s.j.server.impl.application.WebApplicationImpl - Initiating Jersey application, version 'Jersey: 1.19.1 03/11/2016 02:08 PM'
2018-12-07 15:22:38.226 [localhost-startStop-1] INFO  c.n.discovery.provider.DiscoveryJerseyProvider - Using JSON encoding codec LegacyJacksonJson
2018-12-07 15:22:38.227 [localhost-startStop-1] INFO  c.n.discovery.provider.DiscoveryJerseyProvider - Using JSON decoding codec LegacyJacksonJson
2018-12-07 15:22:38.353 [localhost-startStop-1] INFO  c.n.discovery.provider.DiscoveryJerseyProvider - Using XML encoding codec XStreamXml
2018-12-07 15:22:38.354 [localhost-startStop-1] INFO  c.n.discovery.provider.DiscoveryJerseyProvider - Using XML decoding codec XStreamXml
2018-12-07 15:22:38.693 [main] INFO  com.netflix.config.sources.URLConfigurationSource - To enable URLs as dynamic configuration sources, define System property archaius.configurationSource.additionalUrls or make config.properties available on classpath.
2018-12-07 15:22:38.778 [main] INFO  o.s.web.servlet.handler.SimpleUrlHandlerMapping - Mapped URL path [/**/favicon.ico] onto handler of type [class org.springframework.web.servlet.resource.ResourceHttpRequestHandler]
2018-12-07 15:22:38.969 [main] INFO  o.s.w.s.m.m.a.RequestMappingHandlerAdapter - Looking for @ControllerAdvice: org.springframework.boot.web.servlet.context.AnnotationConfigServletWebServerApplicationContext@4535b6d5: startup date [Fri Dec 07 15:22:34 CST 2018]; parent: org.springframework.context.annotation.AnnotationConfigApplicationContext@29647f75
2018-12-07 15:22:39.056 [main] INFO  o.s.w.s.m.m.a.RequestMappingHandlerMapping - Mapped "{[/error]}" onto public org.springframework.http.ResponseEntity<java.util.Map<java.lang.String, java.lang.Object>> org.springframework.boot.autoconfigure.web.servlet.error.BasicErrorController.error(javax.servlet.http.HttpServletRequest)
2018-12-07 15:22:39.058 [main] INFO  o.s.w.s.m.m.a.RequestMappingHandlerMapping - Mapped "{[/error],produces=[text/html]}" onto public org.springframework.web.servlet.ModelAndView org.springframework.boot.autoconfigure.web.servlet.error.BasicErrorController.errorHtml(javax.servlet.http.HttpServletRequest,javax.servlet.http.HttpServletResponse)
2018-12-07 15:22:39.064 [main] INFO  o.s.w.s.m.m.a.RequestMappingHandlerMapping - Mapped "{[/],methods=[GET]}" onto public java.lang.String org.springframework.cloud.netflix.eureka.server.EurekaController.status(javax.servlet.http.HttpServletRequest,java.util.Map<java.lang.String, java.lang.Object>)
2018-12-07 15:22:39.064 [main] INFO  o.s.w.s.m.m.a.RequestMappingHandlerMapping - Mapped "{[/lastn],methods=[GET]}" onto public java.lang.String org.springframework.cloud.netflix.eureka.server.EurekaController.lastn(javax.servlet.http.HttpServletRequest,java.util.Map<java.lang.String, java.lang.Object>)
2018-12-07 15:22:39.095 [main] INFO  o.s.web.servlet.handler.SimpleUrlHandlerMapping - Mapped URL path [/webjars/**] onto handler of type [class org.springframework.web.servlet.resource.ResourceHttpRequestHandler]
2018-12-07 15:22:39.095 [main] INFO  o.s.web.servlet.handler.SimpleUrlHandlerMapping - Mapped URL path [/**] onto handler of type [class org.springframework.web.servlet.resource.ResourceHttpRequestHandler]
2018-12-07 15:22:39.509 [main] INFO  o.s.ui.freemarker.SpringTemplateLoader - SpringTemplateLoader for FreeMarker: using resource loader [org.springframework.boot.web.servlet.context.AnnotationConfigServletWebServerApplicationContext@4535b6d5: startup date [Fri Dec 07 15:22:34 CST 2018]; parent: org.springframework.context.annotation.AnnotationConfigApplicationContext@29647f75] and template loader path [classpath:/templates/]
2018-12-07 15:22:39.510 [main] INFO  o.s.w.servlet.view.freemarker.FreeMarkerConfigurer - ClassTemplateLoader for Spring macros added to FreeMarker configuration
2018-12-07 15:22:39.729 [main] INFO  o.s.cloud.netflix.eureka.InstanceInfoFactory - Setting initial instance status as: STARTING
2018-12-07 15:22:39.761 [main] INFO  com.netflix.discovery.DiscoveryClient - Initializing Eureka in region us-east-1
2018-12-07 15:22:39.761 [main] INFO  com.netflix.discovery.DiscoveryClient - Client configured to neither register nor query for data.
2018-12-07 15:22:39.770 [main] INFO  com.netflix.discovery.DiscoveryClient - Discovery Client initialized at timestamp 1544167359769 with initial instances count: 0
2018-12-07 15:22:39.818 [main] INFO  com.netflix.eureka.DefaultEurekaServerContext - Initializing ...
2018-12-07 15:22:39.820 [main] INFO  com.netflix.eureka.cluster.PeerEurekaNodes - Adding new peer nodes [http://localhost:8761/eureka/]
2018-12-07 15:22:40.120 [main] INFO  c.n.discovery.provider.DiscoveryJerseyProvider - Using JSON encoding codec LegacyJacksonJson
2018-12-07 15:22:40.121 [main] INFO  c.n.discovery.provider.DiscoveryJerseyProvider - Using JSON decoding codec LegacyJacksonJson
2018-12-07 15:22:40.121 [main] INFO  c.n.discovery.provider.DiscoveryJerseyProvider - Using XML encoding codec XStreamXml
2018-12-07 15:22:40.121 [main] INFO  c.n.discovery.provider.DiscoveryJerseyProvider - Using XML decoding codec XStreamXml
2018-12-07 15:22:40.228 [main] INFO  com.netflix.eureka.cluster.PeerEurekaNodes - Replica node URL:  http://localhost:8761/eureka/
2018-12-07 15:22:40.239 [main] INFO  c.netflix.eureka.registry.AbstractInstanceRegistry - Finished initializing remote region registries. All known remote regions: []
2018-12-07 15:22:40.240 [main] INFO  com.netflix.eureka.DefaultEurekaServerContext - Initialized
2018-12-07 15:22:40.264 [main] INFO  o.s.b.actuate.endpoint.web.EndpointLinksResolver - Exposing 2 endpoint(s) beneath base path '/actuator'
2018-12-07 15:22:40.278 [main] INFO  o.s.b.a.e.web.servlet.WebMvcEndpointHandlerMapping - Mapped "{[/actuator/health],methods=[GET],produces=[application/vnd.spring-boot.actuator.v2+json || application/json]}" onto public java.lang.Object org.springframework.boot.actuate.endpoint.web.servlet.AbstractWebMvcEndpointHandlerMapping$OperationHandler.handle(javax.servlet.http.HttpServletRequest,java.util.Map<java.lang.String, java.lang.String>)
2018-12-07 15:22:40.279 [main] INFO  o.s.b.a.e.web.servlet.WebMvcEndpointHandlerMapping - Mapped "{[/actuator/info],methods=[GET],produces=[application/vnd.spring-boot.actuator.v2+json || application/json]}" onto public java.lang.Object org.springframework.boot.actuate.endpoint.web.servlet.AbstractWebMvcEndpointHandlerMapping$OperationHandler.handle(javax.servlet.http.HttpServletRequest,java.util.Map<java.lang.String, java.lang.String>)
2018-12-07 15:22:40.280 [main] INFO  o.s.b.a.e.web.servlet.WebMvcEndpointHandlerMapping - Mapped "{[/actuator],methods=[GET],produces=[application/vnd.spring-boot.actuator.v2+json || application/json]}" onto protected java.util.Map<java.lang.String, java.util.Map<java.lang.String, org.springframework.boot.actuate.endpoint.web.Link>> org.springframework.boot.actuate.endpoint.web.servlet.WebMvcEndpointHandlerMapping.links(javax.servlet.http.HttpServletRequest,javax.servlet.http.HttpServletResponse)
2018-12-07 15:22:40.337 [main] INFO  o.s.jmx.export.annotation.AnnotationMBeanExporter - Registering beans for JMX exposure on startup
2018-12-07 15:22:40.348 [main] INFO  o.s.jmx.export.annotation.AnnotationMBeanExporter - Bean with name 'environmentManager' has been autodetected for JMX exposure
2018-12-07 15:22:40.349 [main] INFO  o.s.jmx.export.annotation.AnnotationMBeanExporter - Bean with name 'refreshScope' has been autodetected for JMX exposure
2018-12-07 15:22:40.350 [main] INFO  o.s.jmx.export.annotation.AnnotationMBeanExporter - Bean with name 'configurationPropertiesRebinder' has been autodetected for JMX exposure
2018-12-07 15:22:40.354 [main] INFO  o.s.jmx.export.annotation.AnnotationMBeanExporter - Located managed bean 'environmentManager': registering with JMX server as MBean [org.springframework.cloud.context.environment:name=environmentManager,type=EnvironmentManager]
2018-12-07 15:22:40.362 [main] INFO  o.s.jmx.export.annotation.AnnotationMBeanExporter - Located managed bean 'refreshScope': registering with JMX server as MBean [org.springframework.cloud.context.scope.refresh:name=refreshScope,type=RefreshScope]
2018-12-07 15:22:40.374 [main] INFO  o.s.jmx.export.annotation.AnnotationMBeanExporter - Located managed bean 'configurationPropertiesRebinder': registering with JMX server as MBean [org.springframework.cloud.context.properties:name=configurationPropertiesRebinder,context=4535b6d5,type=ConfigurationPropertiesRebinder]
2018-12-07 15:22:40.386 [main] INFO  o.s.context.support.DefaultLifecycleProcessor - Starting beans in phase 0
2018-12-07 15:22:40.392 [main] INFO  o.s.c.n.e.serviceregistry.EurekaServiceRegistry - Registering application EUREKA-SERVER-1 with eureka with status UP
2018-12-07 15:22:40.397 [Thread-17] INFO  o.s.c.netflix.eureka.server.EurekaServerBootstrap - Setting the eureka configuration..
2018-12-07 15:22:40.398 [Thread-17] INFO  o.s.c.netflix.eureka.server.EurekaServerBootstrap - Eureka data center value eureka.datacenter is not set, defaulting to default
2018-12-07 15:22:40.398 [Thread-17] INFO  o.s.c.netflix.eureka.server.EurekaServerBootstrap - Eureka environment value eureka.environment is not set, defaulting to test
2018-12-07 15:22:40.416 [Thread-17] INFO  o.s.c.netflix.eureka.server.EurekaServerBootstrap - isAws returned false
2018-12-07 15:22:40.417 [Thread-17] INFO  o.s.c.netflix.eureka.server.EurekaServerBootstrap - Initialized server context
2018-12-07 15:22:40.417 [main] INFO  org.apache.coyote.http11.Http11NioProtocol - Starting ProtocolHandler ["http-nio-8761"]
2018-12-07 15:22:40.419 [Thread-17] INFO  c.n.eureka.registry.PeerAwareInstanceRegistryImpl - Got 1 instances from neighboring DS node
2018-12-07 15:22:40.420 [Thread-17] INFO  c.n.eureka.registry.PeerAwareInstanceRegistryImpl - Renew threshold is: 1
2018-12-07 15:22:40.420 [Thread-17] INFO  c.n.eureka.registry.PeerAwareInstanceRegistryImpl - Changing status to UP
2018-12-07 15:22:40.434 [main] INFO  org.apache.tomcat.util.net.NioSelectorPool - Using a shared selector for servlet write/read
2018-12-07 15:22:40.453 [Thread-17] INFO  o.s.c.n.e.s.EurekaServerInitializerConfiguration - Started Eureka Server
2018-12-07 15:22:40.470 [main] INFO  o.s.boot.web.embedded.tomcat.TomcatWebServer - Tomcat started on port(s): 8761 (http) with context path ''
2018-12-07 15:22:40.471 [main] INFO  o.s.c.n.e.s.EurekaAutoServiceRegistration - Updating port to 8761
2018-12-07 15:22:40.474 [main] INFO  c.a.web.cloud.eurekaserver.EurekaserverApplication - Started EurekaserverApplication in 7.584 seconds (JVM running for 8.025)
2018-12-07 15:22:43.138 [http-nio-8761-exec-2] INFO  o.a.c.core.ContainerBase.[Tomcat].[localhost].[/] - Initializing Spring FrameworkServlet 'dispatcherServlet'
2018-12-07 15:22:43.139 [http-nio-8761-exec-2] INFO  org.springframework.web.servlet.DispatcherServlet - FrameworkServlet 'dispatcherServlet': initialization started
2018-12-07 15:22:43.165 [http-nio-8761-exec-2] INFO  org.springframework.web.servlet.DispatcherServlet - FrameworkServlet 'dispatcherServlet': initialization completed in 26 ms
2018-12-07 15:22:43.390 [http-nio-8761-exec-1] INFO  c.netflix.eureka.registry.AbstractInstanceRegistry - Registered instance ACTUATOR-1/eurekaserver.com:actuator-1:8083 with status UP (replication=false)
2018-12-07 15:22:44.188 [http-nio-8761-exec-5] INFO  c.netflix.eureka.registry.AbstractInstanceRegistry - Registered instance ACTUATOR-1/eurekaserver.com:actuator-1:8083 with status UP (replication=true)
2018-12-07 15:23:18.903 [http-nio-8761-exec-9] INFO  c.netflix.eureka.registry.AbstractInstanceRegistry - Registered instance ACTUATOR-1/eurekaserver.com:actuator-1:8083 with status DOWN (replication=false)
2018-12-07 15:23:19.023 [http-nio-8761-exec-6] INFO  c.netflix.eureka.registry.AbstractInstanceRegistry - Registered instance ACTUATOR-1/eurekaserver.com:actuator-1:8083 with status DOWN (replication=true)
2018-12-07 15:23:19.033 [TaskBatchingWorker-target_localhost-10] INFO  c.netflix.eureka.registry.AbstractInstanceRegistry - Registered instance ACTUATOR-1/eurekaserver.com:actuator-1:8083 with status DOWN (replication=true)
2018-12-07 15:23:40.424 [Eureka-EvictionTimer] INFO  c.netflix.eureka.registry.AbstractInstanceRegistry - Running the evict task with compensationTime 0ms
2018-12-07 15:24:40.425 [Eureka-EvictionTimer] INFO  c.netflix.eureka.registry.AbstractInstanceRegistry - Running the evict task with compensationTime 0ms
2018-12-07 15:25:40.425 [Eureka-EvictionTimer] INFO  c.netflix.eureka.registry.AbstractInstanceRegistry - Running the evict task with compensationTime 0ms
2018-12-07 15:26:40.425 [Eureka-EvictionTimer] INFO  c.netflix.eureka.registry.AbstractInstanceRegistry - Running the evict task with compensationTime 0ms
2018-12-07 15:26:40.426 [Eureka-EvictionTimer] INFO  c.netflix.eureka.registry.AbstractInstanceRegistry - Evicting 1 items (expired=1, evictionLimit=1)
2018-12-07 15:26:40.430 [Eureka-EvictionTimer] INFO  c.netflix.eureka.registry.AbstractInstanceRegistry - Cancelled instance ACTUATOR-1/eurekaserver.com:actuator-1:8083 (replication=false)
2018-12-07 15:27:40.426 [Eureka-EvictionTimer] INFO  c.netflix.eureka.registry.AbstractInstanceRegistry - Running the evict task with compensationTime 0ms
2018-12-07 15:28:40.426 [Eureka-EvictionTimer] INFO  c.netflix.eureka.registry.AbstractInstanceRegistry - Running the evict task with compensationTime 0ms
2018-12-07 15:29:40.427 [Eureka-EvictionTimer] INFO  c.netflix.eureka.registry.AbstractInstanceRegistry - Running the evict task with compensationTime 0ms
2018-12-07 15:30:40.427 [Eureka-EvictionTimer] INFO  c.netflix.eureka.registry.AbstractInstanceRegistry - Running the evict task with compensationTime 0ms
2018-12-07 15:31:40.428 [Eureka-EvictionTimer] INFO  c.netflix.eureka.registry.AbstractInstanceRegistry - Running the evict task with compensationTime 0ms
2018-12-07 15:32:40.428 [Eureka-EvictionTimer] INFO  c.netflix.eureka.registry.AbstractInstanceRegistry - Running the evict task with compensationTime 0ms
2018-12-07 15:33:40.428 [Eureka-EvictionTimer] INFO  c.netflix.eureka.registry.AbstractInstanceRegistry - Running the evict task with compensationTime 0ms
2018-12-07 15:34:40.429 [Eureka-EvictionTimer] INFO  c.netflix.eureka.registry.AbstractInstanceRegistry - Running the evict task with compensationTime 0ms
2018-12-07 15:35:40.429 [Eureka-EvictionTimer] INFO  c.netflix.eureka.registry.AbstractInstanceRegistry - Running the evict task with compensationTime 0ms
2018-12-07 15:36:40.430 [Eureka-EvictionTimer] INFO  c.netflix.eureka.registry.AbstractInstanceRegistry - Running the evict task with compensationTime 0ms
2018-12-07 15:37:40.238 [ReplicaAwareInstanceRegistry - RenewalThresholdUpdater] INFO  c.n.eureka.registry.PeerAwareInstanceRegistryImpl - Current renewal threshold is : 3
2018-12-07 15:37:40.430 [Eureka-EvictionTimer] INFO  c.netflix.eureka.registry.AbstractInstanceRegistry - Running the evict task with compensationTime 0ms
2018-12-07 15:38:40.431 [Eureka-EvictionTimer] INFO  c.netflix.eureka.registry.AbstractInstanceRegistry - Running the evict task with compensationTime 0ms
2018-12-07 15:39:40.431 [Eureka-EvictionTimer] INFO  c.netflix.eureka.registry.AbstractInstanceRegistry - Running the evict task with compensationTime 0ms
2018-12-07 15:40:40.431 [Eureka-EvictionTimer] INFO  c.netflix.eureka.registry.AbstractInstanceRegistry - Running the evict task with compensationTime 0ms
2018-12-07 15:41:40.432 [Eureka-EvictionTimer] INFO  c.netflix.eureka.registry.AbstractInstanceRegistry - Running the evict task with compensationTime 0ms
2018-12-07 15:42:40.432 [Eureka-EvictionTimer] INFO  c.netflix.eureka.registry.AbstractInstanceRegistry - Running the evict task with compensationTime 0ms
2018-12-07 15:43:40.433 [Eureka-EvictionTimer] INFO  c.netflix.eureka.registry.AbstractInstanceRegistry - Running the evict task with compensationTime 0ms
2018-12-07 15:44:40.433 [Eureka-EvictionTimer] INFO  c.netflix.eureka.registry.AbstractInstanceRegistry - Running the evict task with compensationTime 0ms
2018-12-07 15:45:40.434 [Eureka-EvictionTimer] INFO  c.netflix.eureka.registry.AbstractInstanceRegistry - Running the evict task with compensationTime 0ms
2018-12-07 15:46:40.434 [Eureka-EvictionTimer] INFO  c.netflix.eureka.registry.AbstractInstanceRegistry - Running the evict task with compensationTime 0ms
2018-12-07 15:47:40.434 [Eureka-EvictionTimer] INFO  c.netflix.eureka.registry.AbstractInstanceRegistry - Running the evict task with compensationTime 0ms
2018-12-07 15:48:40.435 [Eureka-EvictionTimer] INFO  c.netflix.eureka.registry.AbstractInstanceRegistry - Running the evict task with compensationTime 0ms
2018-12-07 15:49:40.435 [Eureka-EvictionTimer] INFO  c.netflix.eureka.registry.AbstractInstanceRegistry - Running the evict task with compensationTime 0ms
2018-12-07 15:50:40.436 [Eureka-EvictionTimer] INFO  c.netflix.eureka.registry.AbstractInstanceRegistry - Running the evict task with compensationTime 0ms
2018-12-07 15:51:40.436 [Eureka-EvictionTimer] INFO  c.netflix.eureka.registry.AbstractInstanceRegistry - Running the evict task with compensationTime 0ms
2018-12-07 15:52:40.239 [ReplicaAwareInstanceRegistry - RenewalThresholdUpdater] INFO  c.n.eureka.registry.PeerAwareInstanceRegistryImpl - Current renewal threshold is : 3
2018-12-07 15:52:40.437 [Eureka-EvictionTimer] INFO  c.netflix.eureka.registry.AbstractInstanceRegistry - Running the evict task with compensationTime 0ms
2018-12-07 15:53:40.437 [Eureka-EvictionTimer] INFO  c.netflix.eureka.registry.AbstractInstanceRegistry - Running the evict task with compensationTime 0ms
2018-12-07 15:54:40.438 [Eureka-EvictionTimer] INFO  c.netflix.eureka.registry.AbstractInstanceRegistry - Running the evict task with compensationTime 0ms
2018-12-07 15:55:40.438 [Eureka-EvictionTimer] INFO  c.netflix.eureka.registry.AbstractInstanceRegistry - Running the evict task with compensationTime 0ms
2018-12-07 15:56:40.438 [Eureka-EvictionTimer] INFO  c.netflix.eureka.registry.AbstractInstanceRegistry - Running the evict task with compensationTime 0ms
2018-12-07 15:57:40.439 [Eureka-EvictionTimer] INFO  c.netflix.eureka.registry.AbstractInstanceRegistry - Running the evict task with compensationTime 0ms
2018-12-07 15:58:40.439 [Eureka-EvictionTimer] INFO  c.netflix.eureka.registry.AbstractInstanceRegistry - Running the evict task with compensationTime 0ms
2018-12-07 15:59:40.440 [Eureka-EvictionTimer] INFO  c.netflix.eureka.registry.AbstractInstanceRegistry - Running the evict task with compensationTime 0ms
2018-12-07 16:00:40.440 [Eureka-EvictionTimer] INFO  c.netflix.eureka.registry.AbstractInstanceRegistry - Running the evict task with compensationTime 0ms
2018-12-07 16:01:40.441 [Eureka-EvictionTimer] INFO  c.netflix.eureka.registry.AbstractInstanceRegistry - Running the evict task with compensationTime 0ms
2018-12-07 16:02:40.441 [Eureka-EvictionTimer] INFO  c.netflix.eureka.registry.AbstractInstanceRegistry - Running the evict task with compensationTime 0ms
2018-12-07 16:03:40.441 [Eureka-EvictionTimer] INFO  c.netflix.eureka.registry.AbstractInstanceRegistry - Running the evict task with compensationTime 0ms
2018-12-07 16:04:40.442 [Eureka-EvictionTimer] INFO  c.netflix.eureka.registry.AbstractInstanceRegistry - Running the evict task with compensationTime 0ms
2018-12-07 16:05:40.442 [Eureka-EvictionTimer] INFO  c.netflix.eureka.registry.AbstractInstanceRegistry - Running the evict task with compensationTime 0ms
2018-12-07 16:06:40.443 [Eureka-EvictionTimer] INFO  c.netflix.eureka.registry.AbstractInstanceRegistry - Running the evict task with compensationTime 0ms
2018-12-07 16:07:40.239 [ReplicaAwareInstanceRegistry - RenewalThresholdUpdater] INFO  c.n.eureka.registry.PeerAwareInstanceRegistryImpl - Current renewal threshold is : 3
2018-12-07 16:07:40.443 [Eureka-EvictionTimer] INFO  c.netflix.eureka.registry.AbstractInstanceRegistry - Running the evict task with compensationTime 0ms
2018-12-07 16:08:40.444 [Eureka-EvictionTimer] INFO  c.netflix.eureka.registry.AbstractInstanceRegistry - Running the evict task with compensationTime 0ms
2018-12-07 16:09:40.444 [Eureka-EvictionTimer] INFO  c.netflix.eureka.registry.AbstractInstanceRegistry - Running the evict task with compensationTime 0ms
2018-12-07 16:10:40.444 [Eureka-EvictionTimer] INFO  c.netflix.eureka.registry.AbstractInstanceRegistry - Running the evict task with compensationTime 0ms
2018-12-07 16:11:40.445 [Eureka-EvictionTimer] INFO  c.netflix.eureka.registry.AbstractInstanceRegistry - Running the evict task with compensationTime 0ms
2018-12-07 16:12:40.445 [Eureka-EvictionTimer] INFO  c.netflix.eureka.registry.AbstractInstanceRegistry - Running the evict task with compensationTime 0ms
2018-12-07 16:13:40.446 [Eureka-EvictionTimer] INFO  c.netflix.eureka.registry.AbstractInstanceRegistry - Running the evict task with compensationTime 0ms
2018-12-07 16:14:40.446 [Eureka-EvictionTimer] INFO  c.netflix.eureka.registry.AbstractInstanceRegistry - Running the evict task with compensationTime 0ms
2018-12-07 16:15:40.447 [Eureka-EvictionTimer] INFO  c.netflix.eureka.registry.AbstractInstanceRegistry - Running the evict task with compensationTime 0ms
2018-12-07 16:16:40.447 [Eureka-EvictionTimer] INFO  c.netflix.eureka.registry.AbstractInstanceRegistry - Running the evict task with compensationTime 0ms
2018-12-07 16:17:40.447 [Eureka-EvictionTimer] INFO  c.netflix.eureka.registry.AbstractInstanceRegistry - Running the evict task with compensationTime 0ms
2018-12-07 16:18:40.448 [Eureka-EvictionTimer] INFO  c.netflix.eureka.registry.AbstractInstanceRegistry - Running the evict task with compensationTime 0ms
2018-12-07 16:19:40.448 [Eureka-EvictionTimer] INFO  c.netflix.eureka.registry.AbstractInstanceRegistry - Running the evict task with compensationTime 0ms
2018-12-07 16:20:40.449 [Eureka-EvictionTimer] INFO  c.netflix.eureka.registry.AbstractInstanceRegistry - Running the evict task with compensationTime 0ms
2018-12-07 16:21:40.449 [Eureka-EvictionTimer] INFO  c.netflix.eureka.registry.AbstractInstanceRegistry - Running the evict task with compensationTime 0ms
2018-12-07 16:22:40.240 [ReplicaAwareInstanceRegistry - RenewalThresholdUpdater] INFO  c.n.eureka.registry.PeerAwareInstanceRegistryImpl - Current renewal threshold is : 3
2018-12-07 16:22:40.450 [Eureka-EvictionTimer] INFO  c.netflix.eureka.registry.AbstractInstanceRegistry - Running the evict task with compensationTime 0ms
2018-12-07 16:23:40.450 [Eureka-EvictionTimer] INFO  c.netflix.eureka.registry.AbstractInstanceRegistry - Running the evict task with compensationTime 0ms
2018-12-07 16:24:40.450 [Eureka-EvictionTimer] INFO  c.netflix.eureka.registry.AbstractInstanceRegistry - Running the evict task with compensationTime 0ms
2018-12-07 16:25:40.451 [Eureka-EvictionTimer] INFO  c.netflix.eureka.registry.AbstractInstanceRegistry - Running the evict task with compensationTime 0ms
2018-12-07 16:26:40.451 [Eureka-EvictionTimer] INFO  c.netflix.eureka.registry.AbstractInstanceRegistry - Running the evict task with compensationTime 0ms
2018-12-07 16:27:40.452 [Eureka-EvictionTimer] INFO  c.netflix.eureka.registry.AbstractInstanceRegistry - Running the evict task with compensationTime 0ms
2018-12-07 16:28:40.452 [Eureka-EvictionTimer] INFO  c.netflix.eureka.registry.AbstractInstanceRegistry - Running the evict task with compensationTime 0ms
2018-12-07 16:29:40.453 [Eureka-EvictionTimer] INFO  c.netflix.eureka.registry.AbstractInstanceRegistry - Running the evict task with compensationTime 0ms
2018-12-07 16:30:40.453 [Eureka-EvictionTimer] INFO  c.netflix.eureka.registry.AbstractInstanceRegistry - Running the evict task with compensationTime 0ms
2018-12-07 16:31:40.453 [Eureka-EvictionTimer] INFO  c.netflix.eureka.registry.AbstractInstanceRegistry - Running the evict task with compensationTime 0ms
2018-12-07 16:32:40.454 [Eureka-EvictionTimer] INFO  c.netflix.eureka.registry.AbstractInstanceRegistry - Running the evict task with compensationTime 0ms
2018-12-07 16:33:40.454 [Eureka-EvictionTimer] INFO  c.netflix.eureka.registry.AbstractInstanceRegistry - Running the evict task with compensationTime 0ms
2018-12-07 16:34:40.455 [Eureka-EvictionTimer] INFO  c.netflix.eureka.registry.AbstractInstanceRegistry - Running the evict task with compensationTime 0ms
2018-12-07 16:35:40.455 [Eureka-EvictionTimer] INFO  c.netflix.eureka.registry.AbstractInstanceRegistry - Running the evict task with compensationTime 0ms
2018-12-07 16:36:40.456 [Eureka-EvictionTimer] INFO  c.netflix.eureka.registry.AbstractInstanceRegistry - Running the evict task with compensationTime 0ms
2018-12-07 16:37:40.240 [ReplicaAwareInstanceRegistry - RenewalThresholdUpdater] INFO  c.n.eureka.registry.PeerAwareInstanceRegistryImpl - Current renewal threshold is : 3
2018-12-07 16:37:40.456 [Eureka-EvictionTimer] INFO  c.netflix.eureka.registry.AbstractInstanceRegistry - Running the evict task with compensationTime 0ms
2018-12-07 16:38:40.457 [Eureka-EvictionTimer] INFO  c.netflix.eureka.registry.AbstractInstanceRegistry - Running the evict task with compensationTime 0ms
2018-12-07 16:39:40.457 [Eureka-EvictionTimer] INFO  c.netflix.eureka.registry.AbstractInstanceRegistry - Running the evict task with compensationTime 0ms
2018-12-07 16:40:40.457 [Eureka-EvictionTimer] INFO  c.netflix.eureka.registry.AbstractInstanceRegistry - Running the evict task with compensationTime 0ms
2018-12-07 16:41:40.458 [Eureka-EvictionTimer] INFO  c.netflix.eureka.registry.AbstractInstanceRegistry - Running the evict task with compensationTime 0ms
2018-12-07 16:42:40.458 [Eureka-EvictionTimer] INFO  c.netflix.eureka.registry.AbstractInstanceRegistry - Running the evict task with compensationTime 0ms
2018-12-07 16:43:40.459 [Eureka-EvictionTimer] INFO  c.netflix.eureka.registry.AbstractInstanceRegistry - Running the evict task with compensationTime 0ms
2018-12-07 16:44:40.459 [Eureka-EvictionTimer] INFO  c.netflix.eureka.registry.AbstractInstanceRegistry - Running the evict task with compensationTime 0ms
2018-12-07 16:45:40.460 [Eureka-EvictionTimer] INFO  c.netflix.eureka.registry.AbstractInstanceRegistry - Running the evict task with compensationTime 0ms
2018-12-07 16:46:40.460 [Eureka-EvictionTimer] INFO  c.netflix.eureka.registry.AbstractInstanceRegistry - Running the evict task with compensationTime 0ms
2018-12-07 16:47:40.460 [Eureka-EvictionTimer] INFO  c.netflix.eureka.registry.AbstractInstanceRegistry - Running the evict task with compensationTime 0ms
2018-12-07 16:48:40.461 [Eureka-EvictionTimer] INFO  c.netflix.eureka.registry.AbstractInstanceRegistry - Running the evict task with compensationTime 0ms
2018-12-07 16:49:40.461 [Eureka-EvictionTimer] INFO  c.netflix.eureka.registry.AbstractInstanceRegistry - Running the evict task with compensationTime 0ms
2018-12-07 16:50:40.462 [Eureka-EvictionTimer] INFO  c.netflix.eureka.registry.AbstractInstanceRegistry - Running the evict task with compensationTime 0ms
2018-12-07 16:51:40.462 [Eureka-EvictionTimer] INFO  c.netflix.eureka.registry.AbstractInstanceRegistry - Running the evict task with compensationTime 0ms
2018-12-07 16:52:40.241 [ReplicaAwareInstanceRegistry - RenewalThresholdUpdater] INFO  c.n.eureka.registry.PeerAwareInstanceRegistryImpl - Current renewal threshold is : 3
2018-12-07 16:52:40.463 [Eureka-EvictionTimer] INFO  c.netflix.eureka.registry.AbstractInstanceRegistry - Running the evict task with compensationTime 0ms
2018-12-07 16:53:40.463 [Eureka-EvictionTimer] INFO  c.netflix.eureka.registry.AbstractInstanceRegistry - Running the evict task with compensationTime 0ms
2018-12-07 16:54:40.463 [Eureka-EvictionTimer] INFO  c.netflix.eureka.registry.AbstractInstanceRegistry - Running the evict task with compensationTime 0ms
2018-12-07 16:55:40.464 [Eureka-EvictionTimer] INFO  c.netflix.eureka.registry.AbstractInstanceRegistry - Running the evict task with compensationTime 0ms
2018-12-07 16:56:40.464 [Eureka-EvictionTimer] INFO  c.netflix.eureka.registry.AbstractInstanceRegistry - Running the evict task with compensationTime 0ms
2018-12-07 16:57:40.465 [Eureka-EvictionTimer] INFO  c.netflix.eureka.registry.AbstractInstanceRegistry - Running the evict task with compensationTime 0ms
2018-12-07 16:58:40.465 [Eureka-EvictionTimer] INFO  c.netflix.eureka.registry.AbstractInstanceRegistry - Running the evict task with compensationTime 0ms
2018-12-07 16:59:40.466 [Eureka-EvictionTimer] INFO  c.netflix.eureka.registry.AbstractInstanceRegistry - Running the evict task with compensationTime 0ms
2018-12-07 17:00:40.466 [Eureka-EvictionTimer] INFO  c.netflix.eureka.registry.AbstractInstanceRegistry - Running the evict task with compensationTime 0ms
2018-12-07 17:01:40.466 [Eureka-EvictionTimer] INFO  c.netflix.eureka.registry.AbstractInstanceRegistry - Running the evict task with compensationTime 0ms
2018-12-07 17:02:40.468 [Eureka-EvictionTimer] INFO  c.netflix.eureka.registry.AbstractInstanceRegistry - Running the evict task with compensationTime 0ms
2018-12-07 17:03:40.468 [Eureka-EvictionTimer] INFO  c.netflix.eureka.registry.AbstractInstanceRegistry - Running the evict task with compensationTime 0ms
2018-12-07 17:04:40.469 [Eureka-EvictionTimer] INFO  c.netflix.eureka.registry.AbstractInstanceRegistry - Running the evict task with compensationTime 0ms
2018-12-07 17:05:40.469 [Eureka-EvictionTimer] INFO  c.netflix.eureka.registry.AbstractInstanceRegistry - Running the evict task with compensationTime 0ms
2018-12-07 17:06:40.470 [Eureka-EvictionTimer] INFO  c.netflix.eureka.registry.AbstractInstanceRegistry - Running the evict task with compensationTime 0ms
2018-12-07 17:07:40.241 [ReplicaAwareInstanceRegistry - RenewalThresholdUpdater] INFO  c.n.eureka.registry.PeerAwareInstanceRegistryImpl - Current renewal threshold is : 3
2018-12-07 17:07:40.470 [Eureka-EvictionTimer] INFO  c.netflix.eureka.registry.AbstractInstanceRegistry - Running the evict task with compensationTime 0ms
2018-12-07 17:08:40.470 [Eureka-EvictionTimer] INFO  c.netflix.eureka.registry.AbstractInstanceRegistry - Running the evict task with compensationTime 0ms
2018-12-07 17:09:40.471 [Eureka-EvictionTimer] INFO  c.netflix.eureka.registry.AbstractInstanceRegistry - Running the evict task with compensationTime 0ms
2018-12-07 17:10:40.471 [Eureka-EvictionTimer] INFO  c.netflix.eureka.registry.AbstractInstanceRegistry - Running the evict task with compensationTime 0ms
2018-12-07 17:11:40.472 [Eureka-EvictionTimer] INFO  c.netflix.eureka.registry.AbstractInstanceRegistry - Running the evict task with compensationTime 0ms
2018-12-07 17:12:40.472 [Eureka-EvictionTimer] INFO  c.netflix.eureka.registry.AbstractInstanceRegistry - Running the evict task with compensationTime 0ms
2018-12-07 17:13:40.473 [Eureka-EvictionTimer] INFO  c.netflix.eureka.registry.AbstractInstanceRegistry - Running the evict task with compensationTime 0ms
2018-12-07 17:14:40.473 [Eureka-EvictionTimer] INFO  c.netflix.eureka.registry.AbstractInstanceRegistry - Running the evict task with compensationTime 0ms
2018-12-07 17:15:40.473 [Eureka-EvictionTimer] INFO  c.netflix.eureka.registry.AbstractInstanceRegistry - Running the evict task with compensationTime 0ms
2018-12-07 17:16:40.474 [Eureka-EvictionTimer] INFO  c.netflix.eureka.registry.AbstractInstanceRegistry - Running the evict task with compensationTime 0ms
2018-12-07 17:17:40.474 [Eureka-EvictionTimer] INFO  c.netflix.eureka.registry.AbstractInstanceRegistry - Running the evict task with compensationTime 0ms
2018-12-07 17:18:40.475 [Eureka-EvictionTimer] INFO  c.netflix.eureka.registry.AbstractInstanceRegistry - Running the evict task with compensationTime 0ms
